#
# A fatal error has been detected by the Java Runtime Environment:
#
#  SIGSEGV (0xb) at pc=0x000000012cf622c3, pid=44410, tid=53767
#
# JRE version: Java(TM) SE Runtime Environment (8.0_60-b27) (build 1.8.0_60-b27)
# Java VM: Java HotSpot(TM) 64-Bit Server VM (25.60-b23 mixed mode bsd-amd64 compressed oops)
# Problematic frame:
# C  [libawt_lwawt.dylib+0x1b2c3]  OGLSD_SetScratchSurface+0x49
#
# Failed to write core dump. Core dumps have been disabled. To enable core dumping, try "ulimit -c unlimited" before starting Java again
#
# If you would like to submit a bug report, please visit:
#   http://bugreport.java.com/bugreport/crash.jsp
# The crash happened outside the Java Virtual Machine in native code.
# See problematic frame for where to report the bug.
#

---------------  T H R E A D  ---------------

Current thread (0x00007fd3f4174800):  JavaThread "Java2D Queue Flusher" daemon [_thread_in_native, id=53767, stack(0x00000001318dd000,0x00000001319dd000)]

siginfo: si_signo: 11 (SIGSEGV), si_code: 1 (SEGV_MAPERR), si_addr: 0x0000000000000002

Registers:
RAX=0x00000000ffffffff, RBX=0x0000000000000002, RCX=0x0000000000000047, RDX=0x000000012cf82a54
RSP=0x00000001319dc6e0, RBP=0x00000001319dc700, RSI=0x00007fd3f2e843e0, RDI=0x00007fd3f41749f8
R8 =0x00000001319dc680, R9 =0x0000000000000060, R10=0x000000010f1dc928, R11=0x000000010e6dc4db
R12=0x0000000000000000, R13=0x000000012893eae0, R14=0x00007fd3f41749f8, R15=0x00007fd3f4174800
RIP=0x000000012cf622c3, EFLAGS=0x0000000000010202, ERR=0x0000000000000004
  TRAPNO=0x000000000000000e

Top of Stack: (sp=0x00000001319dc6e0)
0x00000001319dc6e0:   00007fd3f2e843e0 0000000000000000
0x00000001319dc6f0:   00007fd3f59d2e10 00007fd3f4174800
0x00000001319dc700:   00000001319dc780 000000012cf82532
0x00000001319dc710:   00000000319dc830 000000022893eae0
0x00000001319dc720:   0000000000000000 00000001f580935a
0x00000001319dc730:   0000000000000064 00007fd3f4174800
0x00000001319dc740:   0000000000000bad 00007fd3f59d2e20
0x00000001319dc750:   00007fd300174800 00007fd3f41749f8
0x00000001319dc760:   000000012893eae0 0000000000000000
0x00000001319dc770:   00000001319dc830 00007fd3f4174800
0x00000001319dc780:   00000001319dc7f8 000000010f1dc954
0x00000001319dc790:   0000000128446148 0000000000000000
0x00000001319dc7a0:   00000001284446a0 0000000000000000
0x00000001319dc7b0:   00000001319dc7d0 00000001319dc7b8
0x00000001319dc7c0:   0000000000000000 00000001319dc830
0x00000001319dc7d0:   000000012893fb78 0000000000000000
0x00000001319dc7e0:   000000012893eae0 0000000000000000
0x00000001319dc7f0:   00000001319dc818 00000001319dc878
0x00000001319dc800:   000000010f1cec4d 0000000000000000
0x00000001319dc810:   000000010f1d6578 0000000000000020
0x00000001319dc820:   00007fd3f59d2e00 000000076eb19040
0x00000001319dc830:   000000076eb19028 00000001319dc838
0x00000001319dc840:   000000012893eb8d 00000001319dc890
0x00000001319dc850:   000000012893fb78 0000000000000000
0x00000001319dc860:   000000012893ebb0 00000001319dc818
0x00000001319dc870:   00000001319dc890 00000001319dc8d8
0x00000001319dc880:   000000010f1cec4d 0000000000000020
0x00000001319dc890:   000000076eb19028 00000001319dc898
0x00000001319dc8a0:   000000012893ed69 00000001319dc8e8
0x00000001319dc8b0:   000000012893fb78 0000000000000000
0x00000001319dc8c0:   000000012893ed78 00000001319dc890
0x00000001319dc8d0:   00000001319dc8e8 00000001319dc940 

Instructions: (pc=0x000000012cf622c3)
0x000000012cf622a3:   c0 e9 82 00 00 00 48 8b 5e 10 48 85 db 75 0e bf
0x000000012cf622b3:   01 00 00 00 48 8d 15 d7 71 03 00 eb d6 49 89 fe
0x000000012cf622c3:   4c 8b 3b 30 c0 e8 01 9e 02 00 49 8b 3f 49 89 c4
0x000000012cf622d3:   48 8b 35 36 f3 05 00 30 c0 e8 25 9f 02 00 48 85 

Register to memory mapping:

RAX=0x00000000ffffffff is an unknown value
RBX=0x0000000000000002 is an unknown value
RCX=0x0000000000000047 is an unknown value
RDX=0x000000012cf82a54: Java_sun_java2d_opengl_OGLRenderQueue_flushBuffer+0xb5c in /Library/Java/JavaVirtualMachines/jdk1.8.0_60.jdk/Contents/Home/jre/lib/libawt_lwawt.dylib at 0x000000012cf47000
RSP=0x00000001319dc6e0 is pointing into the stack for thread: 0x00007fd3f4174800
RBP=0x00000001319dc700 is pointing into the stack for thread: 0x00007fd3f4174800
RSI=0x00007fd3f2e843e0 is an unknown value
RDI=0x00007fd3f41749f8 is an unknown value
R8 =0x00000001319dc680 is pointing into the stack for thread: 0x00007fd3f4174800
R9 =0x0000000000000060 is an unknown value
R10=0x000000010f1dc928 is at code_begin+808 in an Interpreter codelet
method entry point (kind = native)  [0x000000010f1dc600, 0x000000010f1dcf00]  2304 bytes
R11=0x000000010e6dc4db: throw_unsatisfied_link_error+0 in /Library/Java/JavaVirtualMachines/jdk1.8.0_60.jdk/Contents/Home/jre/lib/server/libjvm.dylib at 0x000000010e200000
R12=0x0000000000000000 is an unknown value
R13={method} {0x000000012893eae0} 'flushBuffer' '(JI)V' in 'sun/java2d/opengl/OGLRenderQueue'
R14=0x00007fd3f41749f8 is an unknown value
R15=0x00007fd3f4174800 is a thread


Stack: [0x00000001318dd000,0x00000001319dd000],  sp=0x00000001319dc6e0,  free space=1021k
Native frames: (J=compiled Java code, j=interpreted, Vv=VM code, C=native code)
C  [libawt_lwawt.dylib+0x1b2c3]  OGLSD_SetScratchSurface+0x49
C  [libawt_lwawt.dylib+0x3b532]  Java_sun_java2d_opengl_OGLRenderQueue_flushBuffer+0x63a
j  sun.java2d.opengl.OGLRenderQueue.flushBuffer(JI)V+0
j  sun.java2d.opengl.OGLRenderQueue.flushBuffer()V+21
j  sun.java2d.opengl.OGLRenderQueue.access$100(Lsun/java2d/opengl/OGLRenderQueue;)V+1
j  sun.java2d.opengl.OGLRenderQueue$QueueFlusher.run()V+81
v  ~StubRoutines::call_stub
V  [libjvm.dylib+0x2eab0e]
V  [libjvm.dylib+0x2eb29c]
V  [libjvm.dylib+0x2eb448]
V  [libjvm.dylib+0x345965]
V  [libjvm.dylib+0x5612d3]
V  [libjvm.dylib+0x5629ce]
V  [libjvm.dylib+0x48343a]
C  [libsystem_pthread.dylib+0x405a]  _pthread_body+0x83
C  [libsystem_pthread.dylib+0x3fd7]  _pthread_body+0x0
C  [libsystem_pthread.dylib+0x13ed]  thread_start+0xd
C  0x0000000000000000

Java frames: (J=compiled Java code, j=interpreted, Vv=VM code)
j  sun.java2d.opengl.OGLRenderQueue.flushBuffer(JI)V+0
j  sun.java2d.opengl.OGLRenderQueue.flushBuffer()V+21
j  sun.java2d.opengl.OGLRenderQueue.access$100(Lsun/java2d/opengl/OGLRenderQueue;)V+1
j  sun.java2d.opengl.OGLRenderQueue$QueueFlusher.run()V+81
v  ~StubRoutines::call_stub

---------------  P R O C E S S  ---------------

Java Threads: ( => current thread )
  0x00007fd3f38d0800 JavaThread "AWT-EventQueue-0" [_thread_blocked, id=62471, stack(0x0000000193e2e000,0x0000000193f2e000)]
  0x00007fd3f59e3800 JavaThread "Java2D Disposer" daemon [_thread_blocked, id=56331, stack(0x0000000132d61000,0x0000000132e61000)]
=>0x00007fd3f4174800 JavaThread "Java2D Queue Flusher" daemon [_thread_in_native, id=53767, stack(0x00000001318dd000,0x00000001319dd000)]
  0x00007fd3f415f800 JavaThread "TimerQueue" daemon [_thread_blocked, id=52235, stack(0x0000000131773000,0x0000000131873000)]
  0x00007fd3f4144800 JavaThread "AWT-Shutdown" [_thread_blocked, id=30739, stack(0x000000012e77a000,0x000000012e87a000)]
  0x00007fd3f597e800 JavaThread "AppKit Thread" daemon [_thread_in_native, id=8207, stack(0x00007fff52435000,0x00007fff52c35000)]
  0x00007fd3f406e800 JavaThread "Service Thread" daemon [_thread_blocked, id=20739, stack(0x000000012cbce000,0x000000012ccce000)]
  0x00007fd3f406c000 JavaThread "C1 CompilerThread3" daemon [_thread_blocked, id=20227, stack(0x000000012cacb000,0x000000012cbcb000)]
  0x00007fd3f4038800 JavaThread "C2 CompilerThread2" daemon [_thread_blocked, id=19715, stack(0x000000012c9c8000,0x000000012cac8000)]
  0x00007fd3f3031800 JavaThread "C2 CompilerThread1" daemon [_thread_blocked, id=19203, stack(0x000000012c8c5000,0x000000012c9c5000)]
  0x00007fd3f3030000 JavaThread "C2 CompilerThread0" daemon [_thread_blocked, id=18691, stack(0x000000012c7c2000,0x000000012c8c2000)]
  0x00007fd3f302e800 JavaThread "Signal Dispatcher" daemon [_thread_blocked, id=15383, stack(0x000000012c6bf000,0x000000012c7bf000)]
  0x00007fd3f5809800 JavaThread "Finalizer" daemon [_thread_blocked, id=13571, stack(0x000000012ac9b000,0x000000012ad9b000)]
  0x00007fd3f300b800 JavaThread "Reference Handler" daemon [_thread_blocked, id=13059, stack(0x000000012ab98000,0x000000012ac98000)]
  0x00007fd3f5801000 JavaThread "main" [_thread_in_native, id=3335, stack(0x000000010d0e2000,0x000000010d1e2000)]

Other Threads:
  0x00007fd3f4056800 VMThread [stack: 0x000000012aa95000,0x000000012ab95000] [id=12547]
  0x00007fd3f302f000 WatcherThread [stack: 0x000000012ccd1000,0x000000012cdd1000] [id=21251]

VM state:not at safepoint (normal execution)

VM Mutex/Monitor currently owned by a thread: None

Heap:
 PSYoungGen      total 76288K, used 16500K [0x000000076ab00000, 0x0000000770000000, 0x00000007c0000000)
  eden space 65536K, 10% used [0x000000076ab00000,0x000000076b179a98,0x000000076eb00000)
  from space 10752K, 91% used [0x000000076eb00000,0x000000076f4a3910,0x000000076f580000)
  to   space 10752K, 0% used [0x000000076f580000,0x000000076f580000,0x0000000770000000)
 ParOldGen       total 175104K, used 3500K [0x00000006c0000000, 0x00000006cab00000, 0x000000076ab00000)
  object space 175104K, 1% used [0x00000006c0000000,0x00000006c036b168,0x00000006cab00000)
 Metaspace       used 11580K, capacity 11744K, committed 12032K, reserved 1060864K
  class space    used 1439K, capacity 1514K, committed 1536K, reserved 1048576K

Card table byte_map: [0x000000011e587000,0x000000011ed88000] byte_map_base: 0x000000011af87000

Marking Bits: (ParMarkBitMap*) 0x000000010eadee20
 Begin Bits: [0x000000011faf6000, 0x0000000123af6000)
 End Bits:   [0x0000000123af6000, 0x0000000127af6000)

Polling page: 0x000000010d1f2000

CodeCache: size=245760Kb used=2817Kb max_used=2817Kb free=242942Kb
 bounds [0x000000010f1c7000, 0x000000010f497000, 0x000000011e1c7000]
 total_blobs=1289 nmethods=798 adapters=405
 compilation: enabled

Compilation events (10 events):
Event: 218.461 Thread 0x00007fd3f406c000 nmethod 794 0x000000010f485a50 code [0x000000010f485ba0, 0x000000010f485cf0]
Event: 218.461 Thread 0x00007fd3f406c000  795   !   3       java.lang.ref.ReferenceQueue::enqueue (119 bytes)
Event: 218.462 Thread 0x00007fd3f406c000 nmethod 795 0x000000010f485d50 code [0x000000010f485f00, 0x000000010f486688]
Event: 218.462 Thread 0x00007fd3f406c000  796       1       sun.awt.image.VolatileSurfaceManager::getPrimarySurfaceData (5 bytes)
Event: 218.462 Thread 0x00007fd3f406c000 nmethod 796 0x000000010f2d2990 code [0x000000010f2d2ae0, 0x000000010f2d2bf0]
Event: 218.465 Thread 0x00007fd3f406c000  797       3       sun.misc.VM::addFinalRefCount (24 bytes)
Event: 218.465 Thread 0x00007fd3f406c000 nmethod 797 0x000000010f2cf250 code [0x000000010f2cf3c0, 0x000000010f2cf570]
Event: 218.466 Thread 0x00007fd3f406c000  798       3       java.awt.geom.AffineTransform::<init> (69 bytes)
Event: 218.466 Thread 0x00007fd3f406c000 nmethod 798 0x000000010f486890 code [0x000000010f486a00, 0x000000010f486bf0]
Event: 218.467 Thread 0x00007fd3f406c000  799       3       sun.java2d.pipe.RenderQueue::ensureCapacityAndAlignment (13 bytes)

GC Heap History (2 events):
Event: 218.443 GC heap before
{Heap before GC invocations=1 (full 0):
 PSYoungGen      total 76288K, used 62952K [0x000000076ab00000, 0x0000000770000000, 0x00000007c0000000)
  eden space 65536K, 96% used [0x000000076ab00000,0x000000076e87a180,0x000000076eb00000)
  from space 10752K, 0% used [0x000000076f580000,0x000000076f580000,0x0000000770000000)
  to   space 10752K, 0% used [0x000000076eb00000,0x000000076eb00000,0x000000076f580000)
 ParOldGen       total 175104K, used 0K [0x00000006c0000000, 0x00000006cab00000, 0x000000076ab00000)
  object space 175104K, 0% used [0x00000006c0000000,0x00000006c0000000,0x00000006cab00000)
 Metaspace       used 11577K, capacity 11744K, committed 12032K, reserved 1060864K
  class space    used 1439K, capacity 1514K, committed 1536K, reserved 1048576K
Event: 218.458 GC heap after
Heap after GC invocations=1 (full 0):
 PSYoungGen      total 76288K, used 9870K [0x000000076ab00000, 0x0000000770000000, 0x00000007c0000000)
  eden space 65536K, 0% used [0x000000076ab00000,0x000000076ab00000,0x000000076eb00000)
  from space 10752K, 91% used [0x000000076eb00000,0x000000076f4a3910,0x000000076f580000)
  to   space 10752K, 0% used [0x000000076f580000,0x000000076f580000,0x0000000770000000)
 ParOldGen       total 175104K, used 3500K [0x00000006c0000000, 0x00000006cab00000, 0x000000076ab00000)
  object space 175104K, 1% used [0x00000006c0000000,0x00000006c036b168,0x00000006cab00000)
 Metaspace       used 11577K, capacity 11744K, committed 12032K, reserved 1060864K
  class space    used 1439K, capacity 1514K, committed 1536K, reserved 1048576K
}

Deoptimization events (1 events):
Event: 4.945 Thread 0x00007fd3f5801000 Uncommon trap: reason=unstable_if action=reinterpret pc=0x000000010f38fa00 method=java.lang.String.toLowerCase(Ljava/util/Locale;)Ljava/lang/String; @ 85

Internal exceptions (10 events):
Event: 0.140 Thread 0x00007fd3f5801000 Exception <a 'java/lang/NoSuchMethodError': Method sun.misc.Unsafe.prefetchRead(Ljava/lang/Object;J)V name or signature does not match> (0x000000076ab131f8) thrown at [/Users/java_re/workspace/8-2-build-macosx-x86_64/jdk8u60/4407/hotspot/src/share/vm/prim
Event: 0.239 Thread 0x00007fd3f5801000 Exception <a 'java/security/PrivilegedActionException'> (0x000000076ab9fcf8) thrown at [/Users/java_re/workspace/8-2-build-macosx-x86_64/jdk8u60/4407/hotspot/src/share/vm/prims/jvm.cpp, line 1386]
Event: 0.239 Thread 0x00007fd3f5801000 Exception <a 'java/security/PrivilegedActionException'> (0x000000076aba00f0) thrown at [/Users/java_re/workspace/8-2-build-macosx-x86_64/jdk8u60/4407/hotspot/src/share/vm/prims/jvm.cpp, line 1386]
Event: 0.239 Thread 0x00007fd3f5801000 Exception <a 'java/security/PrivilegedActionException'> (0x000000076aba3578) thrown at [/Users/java_re/workspace/8-2-build-macosx-x86_64/jdk8u60/4407/hotspot/src/share/vm/prims/jvm.cpp, line 1386]
Event: 0.239 Thread 0x00007fd3f5801000 Exception <a 'java/security/PrivilegedActionException'> (0x000000076aba3970) thrown at [/Users/java_re/workspace/8-2-build-macosx-x86_64/jdk8u60/4407/hotspot/src/share/vm/prims/jvm.cpp, line 1386]
Event: 3.445 Thread 0x00007fd3f5801000 Exception <a 'java/lang/NoSuchFieldError': method resolution failed> (0x000000076af5e0d8) thrown at [/Users/java_re/workspace/8-2-build-macosx-x86_64/jdk8u60/4407/hotspot/src/share/vm/prims/methodHandles.cpp, line 1146]
Event: 3.447 Thread 0x00007fd3f5801000 Exception <a 'java/lang/NoSuchFieldError': method resolution failed> (0x000000076af6b7f8) thrown at [/Users/java_re/workspace/8-2-build-macosx-x86_64/jdk8u60/4407/hotspot/src/share/vm/prims/methodHandles.cpp, line 1146]
Event: 3.643 Thread 0x00007fd3f5801000 Exception <a 'java/io/FileNotFoundException'> (0x000000076afe7400) thrown at [/Users/java_re/workspace/8-2-build-macosx-x86_64/jdk8u60/4407/hotspot/src/share/vm/prims/jni.cpp, line 709]
Event: 3.643 Thread 0x00007fd3f5801000 Exception <a 'java/io/FileNotFoundException'> (0x000000076afe7f80) thrown at [/Users/java_re/workspace/8-2-build-macosx-x86_64/jdk8u60/4407/hotspot/src/share/vm/prims/jni.cpp, line 709]
Event: 218.464 Thread 0x00007fd3f5809800 Exception <a 'java/lang/NullPointerException'> (0x000000076b0d5d98) thrown at [/Users/java_re/workspace/8-2-build-macosx-x86_64/jdk8u60/4407/hotspot/src/share/vm/interpreter/linkResolver.cpp, line 1178]

Events (10 events):
Event: 218.464 Executing VM operation: RevokeBias
Event: 218.464 Executing VM operation: RevokeBias done
Event: 218.464 Executing VM operation: RevokeBias
Event: 218.464 Executing VM operation: RevokeBias done
Event: 218.464 Executing VM operation: RevokeBias
Event: 218.464 Executing VM operation: RevokeBias done
Event: 218.464 Executing VM operation: RevokeBias
Event: 218.464 Executing VM operation: RevokeBias done
Event: 218.465 Executing VM operation: BulkRevokeBias
Event: 218.465 Executing VM operation: BulkRevokeBias done


Dynamic libraries:
0x00000000089af000 	/System/Library/Frameworks/Cocoa.framework/Versions/A/Cocoa
0x00000000089af000 	/System/Library/Frameworks/Security.framework/Versions/A/Security
0x00000000089af000 	/System/Library/Frameworks/ApplicationServices.framework/Versions/A/ApplicationServices
0x00000000089af000 	/usr/lib/libz.1.dylib
0x00000000089af000 	/usr/lib/libSystem.B.dylib
0x00000000089af000 	/usr/lib/libobjc.A.dylib
0x00000000089af000 	/System/Library/Frameworks/CoreFoundation.framework/Versions/A/CoreFoundation
0x00000000089af000 	/System/Library/Frameworks/Foundation.framework/Versions/C/Foundation
0x00000000089af000 	/System/Library/Frameworks/AppKit.framework/Versions/C/AppKit
0x00000000089af000 	/System/Library/Frameworks/CoreData.framework/Versions/A/CoreData
0x00000000089af000 	/System/Library/PrivateFrameworks/RemoteViewServices.framework/Versions/A/RemoteViewServices
0x00000000089af000 	/System/Library/PrivateFrameworks/UIFoundation.framework/Versions/A/UIFoundation
0x00000000089af000 	/System/Library/Frameworks/IOSurface.framework/Versions/A/IOSurface
0x00000000089af000 	/System/Library/Frameworks/AudioToolbox.framework/Versions/A/AudioToolbox
0x00000000089af000 	/System/Library/Frameworks/AudioUnit.framework/Versions/A/AudioUnit
0x00000000089af000 	/System/Library/PrivateFrameworks/DataDetectorsCore.framework/Versions/A/DataDetectorsCore
0x00000000089af000 	/System/Library/PrivateFrameworks/DesktopServicesPriv.framework/Versions/A/DesktopServicesPriv
0x00000000089af000 	/System/Library/Frameworks/Carbon.framework/Versions/A/Frameworks/HIToolbox.framework/Versions/A/HIToolbox
0x00000000089af000 	/System/Library/Frameworks/QuartzCore.framework/Versions/A/QuartzCore
0x00000000089af000 	/System/Library/Frameworks/Carbon.framework/Versions/A/Frameworks/SpeechRecognition.framework/Versions/A/SpeechRecognition
0x00000000089af000 	/usr/lib/libauto.dylib
0x00000000089af000 	/usr/lib/libicucore.A.dylib
0x00000000089af000 	/usr/lib/libxml2.2.dylib
0x00000000089af000 	/System/Library/PrivateFrameworks/CoreUI.framework/Versions/A/CoreUI
0x00000000089af000 	/System/Library/Frameworks/CoreAudio.framework/Versions/A/CoreAudio
0x00000000089af000 	/System/Library/Frameworks/DiskArbitration.framework/Versions/A/DiskArbitration
0x00000000089af000 	/usr/lib/liblangid.dylib
0x00000000089af000 	/System/Library/PrivateFrameworks/MultitouchSupport.framework/Versions/A/MultitouchSupport
0x00000000089af000 	/System/Library/Frameworks/IOKit.framework/Versions/A/IOKit
0x00000000089af000 	/usr/lib/libDiagnosticMessagesClient.dylib
0x00000000089af000 	/System/Library/Frameworks/CoreServices.framework/Versions/A/CoreServices
0x00000000089af000 	/System/Library/PrivateFrameworks/PerformanceAnalysis.framework/Versions/A/PerformanceAnalysis
0x00000000089af000 	/System/Library/PrivateFrameworks/GenerationalStorage.framework/Versions/A/GenerationalStorage
0x00000000089af000 	/System/Library/Frameworks/OpenGL.framework/Versions/A/OpenGL
0x00000000089af000 	/System/Library/PrivateFrameworks/Sharing.framework/Versions/A/Sharing
0x00000000089af000 	/System/Library/Frameworks/CoreGraphics.framework/Versions/A/CoreGraphics
0x00000000089af000 	/System/Library/Frameworks/CoreText.framework/Versions/A/CoreText
0x00000000089af000 	/System/Library/Frameworks/ImageIO.framework/Versions/A/ImageIO
0x00000000089af000 	/usr/lib/libextension.dylib
0x00000000089af000 	/System/Library/PrivateFrameworks/Backup.framework/Versions/A/Backup
0x00000000089af000 	/usr/lib/libarchive.2.dylib
0x00000000089af000 	/System/Library/Frameworks/CFNetwork.framework/Versions/A/CFNetwork
0x00000000089af000 	/System/Library/Frameworks/SystemConfiguration.framework/Versions/A/SystemConfiguration
0x00000000089af000 	/usr/lib/libCRFSuite.dylib
0x00000000089af000 	/usr/lib/libc++.1.dylib
0x00000000089af000 	/usr/lib/libc++abi.dylib
0x00000000089af000 	/usr/lib/system/libcache.dylib
0x00000000089af000 	/usr/lib/system/libcommonCrypto.dylib
0x00000000089af000 	/usr/lib/system/libcompiler_rt.dylib
0x00000000089af000 	/usr/lib/system/libcopyfile.dylib
0x00000000089af000 	/usr/lib/system/libcorecrypto.dylib
0x00000000089af000 	/usr/lib/system/libdispatch.dylib
0x00000000089af000 	/usr/lib/system/libdyld.dylib
0x00000000089af000 	/usr/lib/system/libkeymgr.dylib
0x00000000089af000 	/usr/lib/system/liblaunch.dylib
0x00000000089af000 	/usr/lib/system/libmacho.dylib
0x00000000089af000 	/usr/lib/system/libquarantine.dylib
0x00000000089af000 	/usr/lib/system/libremovefile.dylib
0x00000000089af000 	/usr/lib/system/libsystem_asl.dylib
0x00000000089af000 	/usr/lib/system/libsystem_blocks.dylib
0x00000000089af000 	/usr/lib/system/libsystem_c.dylib
0x00000000089af000 	/usr/lib/system/libsystem_configuration.dylib
0x00000000089af000 	/usr/lib/system/libsystem_coreservices.dylib
0x00000000089af000 	/usr/lib/system/libsystem_coretls.dylib
0x00000000089af000 	/usr/lib/system/libsystem_dnssd.dylib
0x00000000089af000 	/usr/lib/system/libsystem_info.dylib
0x00000000089af000 	/usr/lib/system/libsystem_kernel.dylib
0x00000000089af000 	/usr/lib/system/libsystem_m.dylib
0x00000000089af000 	/usr/lib/system/libsystem_malloc.dylib
0x00000000089af000 	/usr/lib/system/libsystem_network.dylib
0x00000000089af000 	/usr/lib/system/libsystem_networkextension.dylib
0x00000000089af000 	/usr/lib/system/libsystem_notify.dylib
0x00000000089af000 	/usr/lib/system/libsystem_platform.dylib
0x00000000089af000 	/usr/lib/system/libsystem_pthread.dylib
0x00000000089af000 	/usr/lib/system/libsystem_sandbox.dylib
0x00000000089af000 	/usr/lib/system/libsystem_secinit.dylib
0x00000000089af000 	/usr/lib/system/libsystem_stats.dylib
0x00000000089af000 	/usr/lib/system/libsystem_trace.dylib
0x00000000089af000 	/usr/lib/system/libunc.dylib
0x00000000089af000 	/usr/lib/system/libunwind.dylib
0x00000000089af000 	/usr/lib/system/libxpc.dylib
0x00000000089af000 	/usr/lib/libbz2.1.0.dylib
0x00000000089af000 	/usr/lib/liblzma.5.dylib
0x00000000089af000 	/usr/lib/libbsm.0.dylib
0x00000000089af000 	/usr/lib/libsqlite3.dylib
0x00000000089af000 	/usr/lib/system/libkxld.dylib
0x00000000089af000 	/usr/lib/libxar.1.dylib
0x00000000089af000 	/usr/lib/libpam.2.dylib
0x00000000089af000 	/usr/lib/libOpenScriptingUtil.dylib
0x00000000089af000 	/System/Library/Frameworks/CoreServices.framework/Versions/A/Frameworks/FSEvents.framework/Versions/A/FSEvents
0x00000000089af000 	/System/Library/Frameworks/CoreServices.framework/Versions/A/Frameworks/CarbonCore.framework/Versions/A/CarbonCore
0x00000000089af000 	/System/Library/Frameworks/CoreServices.framework/Versions/A/Frameworks/Metadata.framework/Versions/A/Metadata
0x00000000089af000 	/System/Library/Frameworks/CoreServices.framework/Versions/A/Frameworks/OSServices.framework/Versions/A/OSServices
0x00000000089af000 	/System/Library/Frameworks/CoreServices.framework/Versions/A/Frameworks/SearchKit.framework/Versions/A/SearchKit
0x00000000089af000 	/System/Library/Frameworks/CoreServices.framework/Versions/A/Frameworks/AE.framework/Versions/A/AE
0x00000000089af000 	/System/Library/Frameworks/CoreServices.framework/Versions/A/Frameworks/LaunchServices.framework/Versions/A/LaunchServices
0x00000000089af000 	/System/Library/Frameworks/CoreServices.framework/Versions/A/Frameworks/DictionaryServices.framework/Versions/A/DictionaryServices
0x00000000089af000 	/System/Library/Frameworks/NetFS.framework/Versions/A/NetFS
0x00000000089af000 	/System/Library/PrivateFrameworks/NetAuth.framework/Versions/A/NetAuth
0x00000000089af000 	/System/Library/PrivateFrameworks/login.framework/Versions/A/Frameworks/loginsupport.framework/Versions/A/loginsupport
0x00000000089af000 	/System/Library/PrivateFrameworks/TCC.framework/Versions/A/TCC
0x00000000089af000 	/usr/lib/libmecabra.dylib
0x00000000089af000 	/System/Library/Frameworks/ApplicationServices.framework/Versions/A/Frameworks/ATS.framework/Versions/A/ATS
0x00000000089af000 	/System/Library/Frameworks/ApplicationServices.framework/Versions/A/Frameworks/ColorSync.framework/Versions/A/ColorSync
0x00000000089af000 	/System/Library/Frameworks/ApplicationServices.framework/Versions/A/Frameworks/HIServices.framework/Versions/A/HIServices
0x00000000089af000 	/System/Library/Frameworks/ApplicationServices.framework/Versions/A/Frameworks/LangAnalysis.framework/Versions/A/LangAnalysis
0x00000000089af000 	/System/Library/Frameworks/ApplicationServices.framework/Versions/A/Frameworks/PrintCore.framework/Versions/A/PrintCore
0x00000000089af000 	/System/Library/Frameworks/ApplicationServices.framework/Versions/A/Frameworks/QD.framework/Versions/A/QD
0x00000000089af000 	/System/Library/Frameworks/ApplicationServices.framework/Versions/A/Frameworks/SpeechSynthesis.framework/Versions/A/SpeechSynthesis
0x00000000089af000 	/System/Library/Frameworks/Accelerate.framework/Versions/A/Accelerate
0x00000000089af000 	/System/Library/Frameworks/Accelerate.framework/Versions/A/Frameworks/vImage.framework/Versions/A/vImage
0x00000000089af000 	/System/Library/Frameworks/Accelerate.framework/Versions/A/Frameworks/vecLib.framework/Versions/A/vecLib
0x00000000089af000 	/System/Library/Frameworks/Accelerate.framework/Versions/A/Frameworks/vecLib.framework/Versions/A/libvDSP.dylib
0x00000000089af000 	/System/Library/Frameworks/Accelerate.framework/Versions/A/Frameworks/vecLib.framework/Versions/A/libvMisc.dylib
0x00000000089af000 	/System/Library/Frameworks/Accelerate.framework/Versions/A/Frameworks/vecLib.framework/Versions/A/libLAPACK.dylib
0x00000000089af000 	/System/Library/Frameworks/Accelerate.framework/Versions/A/Frameworks/vecLib.framework/Versions/A/libBLAS.dylib
0x00000000089af000 	/System/Library/Frameworks/Accelerate.framework/Versions/A/Frameworks/vecLib.framework/Versions/A/libLinearAlgebra.dylib
0x00000000089af000 	/System/Library/Frameworks/ApplicationServices.framework/Versions/A/Frameworks/ATS.framework/Versions/A/Resources/libFontParser.dylib
0x00000000089af000 	/System/Library/Frameworks/ApplicationServices.framework/Versions/A/Frameworks/ATS.framework/Versions/A/Resources/libFontRegistry.dylib
0x00000000089af000 	/System/Library/PrivateFrameworks/AppleVPA.framework/Versions/A/AppleVPA
0x00000000089af000 	/System/Library/PrivateFrameworks/AppleJPEG.framework/Versions/A/AppleJPEG
0x00000000089af000 	/System/Library/Frameworks/ImageIO.framework/Versions/A/Resources/libJPEG.dylib
0x00000000089af000 	/System/Library/Frameworks/ImageIO.framework/Versions/A/Resources/libTIFF.dylib
0x00000000089af000 	/System/Library/Frameworks/ImageIO.framework/Versions/A/Resources/libPng.dylib
0x00000000089af000 	/System/Library/Frameworks/ImageIO.framework/Versions/A/Resources/libGIF.dylib
0x00000000089af000 	/System/Library/Frameworks/ImageIO.framework/Versions/A/Resources/libJP2.dylib
0x00000000089af000 	/System/Library/Frameworks/ImageIO.framework/Versions/A/Resources/libRadiance.dylib
0x00000000089af000 	/System/Library/Frameworks/CoreVideo.framework/Versions/A/CoreVideo
0x00000000089af000 	/System/Library/Frameworks/OpenGL.framework/Versions/A/Libraries/libGLU.dylib
0x00000000089af000 	/System/Library/Frameworks/OpenGL.framework/Versions/A/Libraries/libGFXShared.dylib
0x00000000089af000 	/System/Library/Frameworks/OpenGL.framework/Versions/A/Libraries/libGL.dylib
0x00000000089af000 	/System/Library/Frameworks/OpenGL.framework/Versions/A/Libraries/libGLImage.dylib
0x00000000089af000 	/System/Library/Frameworks/OpenGL.framework/Versions/A/Libraries/libCVMSPluginSupport.dylib
0x00000000089af000 	/System/Library/Frameworks/OpenGL.framework/Versions/A/Libraries/libCoreVMClient.dylib
0x00000000089af000 	/usr/lib/libcups.2.dylib
0x00000000089af000 	/System/Library/Frameworks/Kerberos.framework/Versions/A/Kerberos
0x00000000089af000 	/System/Library/Frameworks/GSS.framework/Versions/A/GSS
0x00000000089af000 	/usr/lib/libresolv.9.dylib
0x00000000089af000 	/usr/lib/libiconv.2.dylib
0x00000000089af000 	/System/Library/PrivateFrameworks/Heimdal.framework/Versions/A/Heimdal
0x00000000089af000 	/usr/lib/libheimdal-asn1.dylib
0x00000000089af000 	/System/Library/Frameworks/OpenDirectory.framework/Versions/A/OpenDirectory
0x00000000089af000 	/System/Library/PrivateFrameworks/CommonAuth.framework/Versions/A/CommonAuth
0x00000000089af000 	/System/Library/Frameworks/OpenDirectory.framework/Versions/A/Frameworks/CFOpenDirectory.framework/Versions/A/CFOpenDirectory
0x00000000089af000 	/System/Library/Frameworks/SecurityFoundation.framework/Versions/A/SecurityFoundation
0x00000000089af000 	/System/Library/PrivateFrameworks/LanguageModeling.framework/Versions/A/LanguageModeling
0x00000000089af000 	/usr/lib/libcmph.dylib
0x00000000089af000 	/System/Library/Frameworks/ServiceManagement.framework/Versions/A/ServiceManagement
0x00000000089af000 	/usr/lib/libxslt.1.dylib
0x00000000089af000 	/System/Library/Frameworks/Carbon.framework/Versions/A/Frameworks/Ink.framework/Versions/A/Ink
0x00000000089af000 	/System/Library/Frameworks/QuartzCore.framework/Versions/A/Frameworks/CoreImage.framework/Versions/A/CoreImage
0x00000000089af000 	/System/Library/PrivateFrameworks/CrashReporterSupport.framework/Versions/A/CrashReporterSupport
0x00000000089af000 	/System/Library/Frameworks/OpenCL.framework/Versions/A/OpenCL
0x00000000089af000 	/System/Library/PrivateFrameworks/FaceCore.framework/Versions/A/FaceCore
0x00000000089af000 	/System/Library/PrivateFrameworks/Ubiquity.framework/Versions/A/Ubiquity
0x00000000089af000 	/System/Library/PrivateFrameworks/IconServices.framework/Versions/A/IconServices
0x00000000089af000 	/System/Library/PrivateFrameworks/ChunkingLibrary.framework/Versions/A/ChunkingLibrary
0x00000000089af000 	/System/Library/PrivateFrameworks/Apple80211.framework/Versions/A/Apple80211
0x00000000089af000 	/System/Library/Frameworks/CoreWLAN.framework/Versions/A/CoreWLAN
0x00000000089af000 	/System/Library/Frameworks/IOBluetooth.framework/Versions/A/IOBluetooth
0x00000000089af000 	/System/Library/PrivateFrameworks/CoreWiFi.framework/Versions/A/CoreWiFi
0x00000000089af000 	/System/Library/Frameworks/CoreBluetooth.framework/Versions/A/CoreBluetooth
0x00000000089af000 	/System/Library/PrivateFrameworks/DebugSymbols.framework/Versions/A/DebugSymbols
0x00000000089af000 	/System/Library/PrivateFrameworks/CoreSymbolication.framework/Versions/A/CoreSymbolication
0x00000000089af000 	/System/Library/PrivateFrameworks/Symbolication.framework/Versions/A/Symbolication
0x00000000089af000 	/System/Library/PrivateFrameworks/SpeechRecognitionCore.framework/Versions/A/SpeechRecognitionCore
0x000000010e200000 	/Library/Java/JavaVirtualMachines/jdk1.8.0_60.jdk/Contents/Home/jre/lib/server/libjvm.dylib
0x00000000089af000 	/usr/lib/libstdc++.6.dylib
0x000000010d1e4000 	/Library/Java/JavaVirtualMachines/jdk1.8.0_60.jdk/Contents/Home/jre/lib/libverify.dylib
0x000000010f189000 	/Library/Java/JavaVirtualMachines/jdk1.8.0_60.jdk/Contents/Home/jre/lib/libjava.dylib
0x000000010f1be000 	/Library/Java/JavaVirtualMachines/jdk1.8.0_60.jdk/Contents/Home/jre/lib/libzip.dylib
0x000000012ad9d000 	/System/Library/Frameworks/JavaVM.framework/Frameworks/JavaRuntimeSupport.framework/JavaRuntimeSupport
0x000000012adb3000 	/System/Library/Frameworks/JavaVM.framework/Versions/A/Frameworks/JavaNativeFoundation.framework/Versions/A/JavaNativeFoundation
0x000000012adc7000 	/System/Library/Frameworks/JavaVM.framework/Versions/A/JavaVM
0x00000000089af000 	/System/Library/Frameworks/Carbon.framework/Versions/A/Carbon
0x000000012add3000 	/System/Library/PrivateFrameworks/JavaLaunching.framework/Versions/A/JavaLaunching
0x00000000089af000 	/System/Library/Frameworks/Carbon.framework/Versions/A/Frameworks/CommonPanels.framework/Versions/A/CommonPanels
0x00000000089af000 	/System/Library/Frameworks/Carbon.framework/Versions/A/Frameworks/Help.framework/Versions/A/Help
0x00000000089af000 	/System/Library/Frameworks/Carbon.framework/Versions/A/Frameworks/ImageCapture.framework/Versions/A/ImageCapture
0x00000000089af000 	/System/Library/Frameworks/Carbon.framework/Versions/A/Frameworks/OpenScripting.framework/Versions/A/OpenScripting
0x00000000089af000 	/System/Library/Frameworks/Carbon.framework/Versions/A/Frameworks/Print.framework/Versions/A/Print
0x00000000089af000 	/System/Library/Frameworks/Carbon.framework/Versions/A/Frameworks/SecurityHI.framework/Versions/A/SecurityHI
0x000000012cdd3000 	/Library/Java/JavaVirtualMachines/jdk1.8.0_60.jdk/Contents/Home/jre/lib/libawt.dylib
0x000000012ce7b000 	/Library/Java/JavaVirtualMachines/jdk1.8.0_60.jdk/Contents/Home/jre/lib/./libmlib_image.dylib
0x000000012cf47000 	/Library/Java/JavaVirtualMachines/jdk1.8.0_60.jdk/Contents/Home/jre/lib/libawt_lwawt.dylib
0x000000012cffc000 	/Library/Java/JavaVirtualMachines/jdk1.8.0_60.jdk/Contents/Home/jre/lib/./libosxapp.dylib
0x00000000089af000 	/System/Library/Frameworks/ExceptionHandling.framework/Versions/A/ExceptionHandling
0x00000000089af000 	/System/Library/PrivateFrameworks/CoreServicesInternal.framework/Versions/A/CoreServicesInternal
0x00000000089af000 	/System/Library/PrivateFrameworks/CloudDocs.framework/Versions/A/CloudDocs
0x00000000089af000 	/System/Library/PrivateFrameworks/CoreDuet.framework/Versions/A/CoreDuet
0x00000000089af000 	/System/Library/Frameworks/CloudKit.framework/Versions/A/CloudKit
0x00000000089af000 	/System/Library/PrivateFrameworks/ProtocolBuffer.framework/Versions/A/ProtocolBuffer
0x00000000089af000 	/System/Library/PrivateFrameworks/CoreDuetDaemonProtocol.framework/Versions/A/CoreDuetDaemonProtocol
0x00000000089af000 	/System/Library/PrivateFrameworks/CoreDuetDebugLogging.framework/Versions/A/CoreDuetDebugLogging
0x00000000089af000 	/System/Library/PrivateFrameworks/MMCS.framework/Versions/A/MMCS
0x00000000089af000 	/System/Library/Frameworks/CoreLocation.framework/Versions/A/CoreLocation
0x00000000089af000 	/System/Library/PrivateFrameworks/ProtectedCloudStorage.framework/Versions/A/ProtectedCloudStorage
0x00000000089af000 	/System/Library/PrivateFrameworks/GeoServices.framework/Versions/A/GeoServices
0x00000000089af000 	/System/Library/Frameworks/CoreGraphics.framework/Versions/A/Resources/libCGCMS.A.dylib
0x00000000089af000 	/System/Library/Frameworks/CoreGraphics.framework/Versions/A/Resources/libRIP.A.dylib
0x00000000089af000 	/System/Library/Frameworks/CoreGraphics.framework/Versions/A/Resources/libCGXType.A.dylib
0x00000000089af000 	/System/Library/Frameworks/OpenCL.framework/Versions/A/Libraries/libcldcpuengine.dylib
0x00000000089af000 	/System/Library/PrivateFrameworks/DiskImages.framework/Versions/A/DiskImages
0x00000000089af000 	/System/Library/Frameworks/DiscRecording.framework/Versions/A/DiscRecording
0x00000000089af000 	/usr/lib/libcsfde.dylib
0x00000000089af000 	/usr/lib/libcurl.4.dylib
0x00000000089af000 	/System/Library/PrivateFrameworks/MediaKit.framework/Versions/A/MediaKit
0x00000000089af000 	/usr/lib/libCoreStorage.dylib
0x00000000089af000 	/System/Library/PrivateFrameworks/EFILogin.framework/Versions/A/EFILogin
0x00000000089af000 	/usr/lib/libutil.dylib
0x00000000089af000 	/System/Library/PrivateFrameworks/FindMyDevice.framework/Versions/A/FindMyDevice
0x00000000089af000 	/System/Library/Frameworks/LDAP.framework/Versions/A/LDAP
0x00000000089af000 	/usr/lib/libsasl2.2.dylib
0x00000000089af000 	/System/Library/PrivateFrameworks/CoreDaemon.framework/Versions/B/CoreDaemon
0x00000000089af000 	/usr/lib/libcrypto.0.9.8.dylib
0x00000000089af000 	/System/Library/PrivateFrameworks/AppleSRP.framework/Versions/A/AppleSRP
0x00000000089af000 	/System/Library/PrivateFrameworks/TrustEvaluationAgent.framework/Versions/A/TrustEvaluationAgent
0x00000001302c5000 	cl_kernels
0x00000001302c7000 	/System/Library/Frameworks/OpenCL.framework/Versions/A/Libraries/ImageFormats/unorm8_bgra.dylib
0x00000001302b7000 	cl_kernels
0x00000000089af000 	/System/Library/PrivateFrameworks/FamilyControls.framework/Versions/A/FamilyControls
0x00000000089af000 	/System/Library/PrivateFrameworks/CommerceKit.framework/Versions/A/Frameworks/CommerceCore.framework/Versions/A/CommerceCore
0x00000000089af000 	/System/Library/PrivateFrameworks/SystemAdministration.framework/Versions/A/SystemAdministration
0x00000000089af000 	/System/Library/PrivateFrameworks/AppContainer.framework/Versions/A/AppContainer
0x00000000089af000 	/System/Library/PrivateFrameworks/SecCodeWrapper.framework/Versions/A/SecCodeWrapper
0x00000000089af000 	/System/Library/Frameworks/DirectoryService.framework/Versions/A/DirectoryService
0x00000000089af000 	/System/Library/PrivateFrameworks/LoginUIKit.framework/Versions/A/Frameworks/LoginUICore.framework/Versions/A/LoginUICore
0x00000000089af000 	/usr/lib/libodfde.dylib
0x0000000131875000 	/Library/Java/JavaVirtualMachines/jdk1.8.0_60.jdk/Contents/Home/jre/lib/libfontmanager.dylib
0x000000012f726000 	/Library/Java/JavaVirtualMachines/jdk1.8.0_60.jdk/Contents/Home/jre/lib/libosxui.dylib
0x00000000089af000 	/System/Library/Frameworks/OpenGL.framework/Versions/A/Resources/GLEngine.bundle/GLEngine
0x00000000089af000 	/System/Library/Frameworks/OpenGL.framework/Versions/A/Libraries/libGLProgrammability.dylib
0x00000001319df000 	/System/Library/Extensions/AppleIntelHD5000GraphicsGLDriver.bundle/Contents/MacOS/AppleIntelHD5000GraphicsGLDriver
0x00000000089af000 	/System/Library/PrivateFrameworks/IOAccelerator.framework/Versions/A/IOAccelerator
0x00000000089af000 	/System/Library/PrivateFrameworks/GPUSupport.framework/Versions/A/Libraries/libGPUSupportMercury.dylib
0x0000000000000000 	/System/Library/Extensions/GeForceGLDriver.bundle/Contents/MacOS/GeForceGLDriver
0x00000000089af000 	/System/Library/Extensions/GeForceGLDriver.bundle/Contents/MacOS/libclh.dylib
0x00000000089af000 	/System/Library/Frameworks/OpenGL.framework/Versions/A/Resources/GLRendererFloat.bundle/GLRendererFloat
0x0000000132f13000 	/Library/Java/JavaVirtualMachines/jdk1.8.0_60.jdk/Contents/Home/jre/lib/libnet.dylib
0x0000000132f2a000 	/Library/Java/JavaVirtualMachines/jdk1.8.0_60.jdk/Contents/Home/jre/lib/libnio.dylib
0x00000000089af000 	/System/Library/Frameworks/ApplicationServices.framework/Versions/A/Frameworks/ATS.framework/Versions/A/Resources/libTrueTypeScaler.dylib
0x00000001962ac000 	/Library/Java/JavaVirtualMachines/jdk1.8.0_60.jdk/Contents/Home/jre/lib/libjpeg.dylib

VM Arguments:
java_command: main_method
java_class_path (initial): .
Launcher Type: SUN_STANDARD

Environment Variables:
PATH=/opt/local/bin:/opt/local/sbin:/Library/Frameworks/Python.framework/Versions/3.6/bin:/Users/thomasrogers/anaconda3/bin:/Users/thomasrogers/anaconda/bin:/usr/local/bin:/usr/bin:/bin:/usr/sbin:/sbin
SHELL=/bin/bash

Signal Handlers:
SIGSEGV: [libjvm.dylib+0x5a6d31], sa_mask[0]=11111111011111110111111111111111, sa_flags=SA_ONSTACK|SA_RESTART|SA_SIGINFO
SIGBUS: [libjvm.dylib+0x5a6d31], sa_mask[0]=11111111011111110111111111111111, sa_flags=SA_RESTART|SA_SIGINFO
SIGFPE: [libjvm.dylib+0x480a4c], sa_mask[0]=11111111011111110111111111111111, sa_flags=SA_RESTART|SA_SIGINFO
SIGPIPE: [libjvm.dylib+0x480a4c], sa_mask[0]=11111111011111110111111111111111, sa_flags=SA_RESTART|SA_SIGINFO
SIGXFSZ: [libjvm.dylib+0x480a4c], sa_mask[0]=11111111011111110111111111111111, sa_flags=SA_RESTART|SA_SIGINFO
SIGILL: [libjvm.dylib+0x480a4c], sa_mask[0]=11111111011111110111111111111111, sa_flags=SA_RESTART|SA_SIGINFO
SIGUSR1: SIG_DFL, sa_mask[0]=11011111011111100000000111000110, sa_flags=none
SIGUSR2: [libjvm.dylib+0x48056a], sa_mask[0]=00000000000000000000000000000000, sa_flags=SA_RESTART|SA_SIGINFO
SIGHUP: [libjvm.dylib+0x47eb41], sa_mask[0]=11111111011111110111111111111111, sa_flags=SA_RESTART|SA_SIGINFO
SIGINT: [libjvm.dylib+0x47eb41], sa_mask[0]=11111111011111110111111111111111, sa_flags=SA_RESTART|SA_SIGINFO
SIGTERM: [libjvm.dylib+0x47eb41], sa_mask[0]=11111111011111110111111111111111, sa_flags=SA_RESTART|SA_SIGINFO
SIGQUIT: [libjvm.dylib+0x47eb41], sa_mask[0]=11111111011111110111111111111111, sa_flags=SA_RESTART|SA_SIGINFO


---------------  S Y S T E M  ---------------

OS:Bsduname:Darwin 14.5.0 Darwin Kernel Version 14.5.0: Mon Aug 29 21:14:16 PDT 2016; root:xnu-2782.50.6~1/RELEASE_X86_64 x86_64
rlimit: STACK 8192k, CORE 0k, NPROC 709, NOFILE 10240, AS infinity
load average:2.00 4.08 8.37

CPU:total 8 (4 cores per cpu, 2 threads per core) family 6 model 70 stepping 1, cmov, cx8, fxsr, mmx, sse, sse2, sse3, ssse3, sse4.1, sse4.2, popcnt, avx, avx2, aes, clmul, erms, rtm, lzcnt, ht, tsc, tscinvbit, bmi1, bmi2

Memory: 4k page, physical 16777216k(18176k free)

/proc/meminfo:


vm_info: Java HotSpot(TM) 64-Bit Server VM (25.60-b23) for bsd-amd64 JRE (1.8.0_60-b27), built on Aug  4 2015 10:47:24 by "java_re" with gcc 4.2.1 (Based on Apple Inc. build 5658) (LLVM build 2336.11.00)

time: Mon Jul 10 16:23:35 2017
elapsed time: 218 seconds (0d 0h 3m 38s)

