#
# A fatal error has been detected by the Java Runtime Environment:
#
#  SIGSEGV (0xb) at pc=0x00000001214f62c3, pid=47907, tid=53767
#
# JRE version: Java(TM) SE Runtime Environment (8.0_60-b27) (build 1.8.0_60-b27)
# Java VM: Java HotSpot(TM) 64-Bit Server VM (25.60-b23 mixed mode bsd-amd64 compressed oops)
# Problematic frame:
# C  [libawt_lwawt.dylib+0x1b2c3]  OGLSD_SetScratchSurface+0x49
#
# Failed to write core dump. Core dumps have been disabled. To enable core dumping, try "ulimit -c unlimited" before starting Java again
#
# If you would like to submit a bug report, please visit:
#   http://bugreport.java.com/bugreport/crash.jsp
# The crash happened outside the Java Virtual Machine in native code.
# See problematic frame for where to report the bug.
#

---------------  T H R E A D  ---------------

Current thread (0x00007fb5111b6000):  JavaThread "Java2D Queue Flusher" daemon [_thread_in_native, id=53767, stack(0x0000000125983000,0x0000000125a83000)]

siginfo: si_signo: 11 (SIGSEGV), si_code: 1 (SEGV_MAPERR), si_addr: 0x0000000000000002

Registers:
RAX=0x0000000121560128, RBX=0x0000000000000002, RCX=0x0000000121516d7c, RDX=0x0000000000000000
RSP=0x0000000125a82760, RBP=0x0000000125a82780, RSI=0x00007fb510765000, RDI=0x00007fb5111b61f8
R8 =0x0000000000000000, R9 =0x0000000000000000, R10=0x00007fb514023848, R11=0x00000000000fffff
R12=0x0000000000000000, R13=0x0000000103e33c50, R14=0x00007fb5111b61f8, R15=0x00007fb516c75300
RIP=0x00000001214f62c3, EFLAGS=0x0000000000010202, ERR=0x0000000000000004
  TRAPNO=0x000000000000000e

Top of Stack: (sp=0x0000000125a82760)
0x0000000125a82760:   00007fb510765000 0000000000000000
0x0000000125a82770:   00007fb5111c2c58 00007fb516c75300
0x0000000125a82780:   0000000125a82800 0000000121516532
0x0000000125a82790:   00007fb5111b6000 00007fb5105787e8
0x0000000125a827a0:   0000000125a827d0 0000000102d2edd0
0x0000000125a827b0:   0000000000000064 0000000000000000
0x0000000125a827c0:   0000000000000064 00007fb5111c2c68
0x0000000125a827d0:   0000000100a82830 00007fb5111b61f8
0x0000000125a827e0:   000000076f580958 0000000000000000
0x0000000125a827f0:   0000000125a82968 00007fb5111b6000
0x0000000125a82800:   0000000125a82850 0000000103ab562a
0x0000000125a82810:   000000076f580958 0000000000000118
0x0000000125a82820:   0000000125a82968 00007fb5111b6000
0x0000000125a82830:   0000000125a82880 00000001039eeba8
0x0000000125a82840:   000000076f5807c0 000000076eb18000
0x0000000125a82850:   000000076f580958 00000001038ac9d0
0x0000000125a82860:   0000000000000e00 0000000000000000
0x0000000125a82870:   00007fb5106384c0 000000011cf04608
0x0000000125a82880:   0000000125a829d0 0000000103e3497c
0x0000000125a82890:   0000000000000041 000000011cf04608
0x0000000125a828a0:   0000000000000000 0000000100000000
0x0000000125a828b0:   00000000000000db 0000000000000000
0x0000000125a828c0:   0000000125a82968 00007fb5111b6000
0x0000000125a828d0:   0000000125a82940 00000001037a7acc
0x0000000125a828e0:   0000000103790c4d 00000001037a7a98
0x0000000125a828f0:   0000000000000000 000000076eb18000
0x0000000125a82900:   000000076f5807c0 0000000100000000
0x0000000125a82910:   0000000125a82968 000000011cf04858
0x0000000125a82920:   0000000000000000 000000011cf04608
0x0000000125a82930:   0000000000000001 000000076f5807c0
0x0000000125a82940:   0000000125a829d0 00000001037897a7
0x0000000125a82950:   0000000125a829d0 00000001037897a7 

Instructions: (pc=0x00000001214f62c3)
0x00000001214f62a3:   c0 e9 82 00 00 00 48 8b 5e 10 48 85 db 75 0e bf
0x00000001214f62b3:   01 00 00 00 48 8d 15 d7 71 03 00 eb d6 49 89 fe
0x00000001214f62c3:   4c 8b 3b 30 c0 e8 01 9e 02 00 49 8b 3f 49 89 c4
0x00000001214f62d3:   48 8b 35 36 f3 05 00 30 c0 e8 25 9f 02 00 48 85 

Register to memory mapping:

RAX=0x0000000121560128: previousOp+0 in /Library/Java/JavaVirtualMachines/jdk1.8.0_60.jdk/Contents/Home/jre/lib/libawt_lwawt.dylib at 0x00000001214db000
RBX=0x0000000000000002 is an unknown value
RCX=0x0000000121516d7c: OGLRenderQueue_CheckPreviousOp+0x13e in /Library/Java/JavaVirtualMachines/jdk1.8.0_60.jdk/Contents/Home/jre/lib/libawt_lwawt.dylib at 0x00000001214db000
RDX=0x0000000000000000 is an unknown value
RSP=0x0000000125a82760 is pointing into the stack for thread: 0x00007fb5111b6000
RBP=0x0000000125a82780 is pointing into the stack for thread: 0x00007fb5111b6000
RSI=0x00007fb510765000 is an unknown value
RDI=0x00007fb5111b61f8 is an unknown value
R8 =0x0000000000000000 is an unknown value
R9 =0x0000000000000000 is an unknown value
R10=0x00007fb514023848 is an unknown value
R11=0x00000000000fffff is an unknown value
R12=0x0000000000000000 is an unknown value
R13=0x0000000103e33c50 is at entry_point+-880 in (nmethod*)0x0000000103e33c50
R14=0x00007fb5111b61f8 is an unknown value
R15=0x00007fb516c75300 is an unknown value


Stack: [0x0000000125983000,0x0000000125a83000],  sp=0x0000000125a82760,  free space=1021k
Native frames: (J=compiled Java code, j=interpreted, Vv=VM code, C=native code)
C  [libawt_lwawt.dylib+0x1b2c3]  OGLSD_SetScratchSurface+0x49
C  [libawt_lwawt.dylib+0x3b532]  Java_sun_java2d_opengl_OGLRenderQueue_flushBuffer+0x63a
J 994  sun.java2d.opengl.OGLRenderQueue.flushBuffer(JI)V (0 bytes) @ 0x0000000103ab562a [0x0000000103ab5580+0xaa]
J 1708 C2 sun.java2d.opengl.OGLRenderQueue.flushBuffer()V (41 bytes) @ 0x00000001038ac9d0 [0x00000001038ac980+0x50]
J 1706% C1 sun.java2d.opengl.OGLRenderQueue$QueueFlusher.run()V (234 bytes) @ 0x0000000103e3497c [0x0000000103e33fc0+0x9bc]
v  ~StubRoutines::call_stub
V  [libjvm.dylib+0x2eab0e]
V  [libjvm.dylib+0x2eb29c]
V  [libjvm.dylib+0x2eb448]
V  [libjvm.dylib+0x345965]
V  [libjvm.dylib+0x5612d3]
V  [libjvm.dylib+0x5629ce]
V  [libjvm.dylib+0x48343a]
C  [libsystem_pthread.dylib+0x405a]  _pthread_body+0x83
C  [libsystem_pthread.dylib+0x3fd7]  _pthread_body+0x0
C  [libsystem_pthread.dylib+0x13ed]  thread_start+0xd
C  0x0000000000000000

Java frames: (J=compiled Java code, j=interpreted, Vv=VM code)
J 994  sun.java2d.opengl.OGLRenderQueue.flushBuffer(JI)V (0 bytes) @ 0x0000000103ab55b8 [0x0000000103ab5580+0x38]
J 1708 C2 sun.java2d.opengl.OGLRenderQueue.flushBuffer()V (41 bytes) @ 0x00000001038ac9d0 [0x00000001038ac980+0x50]
J 1706% C1 sun.java2d.opengl.OGLRenderQueue$QueueFlusher.run()V (234 bytes) @ 0x0000000103e3497c [0x0000000103e33fc0+0x9bc]
v  ~StubRoutines::call_stub

---------------  P R O C E S S  ---------------

Java Threads: ( => current thread )
  0x00007fb512a3b000 JavaThread "AWT-EventQueue-0" [_thread_blocked, id=57871, stack(0x00000001878a7000,0x00000001879a7000)]
  0x00007fb51096d800 JavaThread "Java2D Disposer" daemon [_thread_blocked, id=55819, stack(0x0000000126e20000,0x0000000126f20000)]
=>0x00007fb5111b6000 JavaThread "Java2D Queue Flusher" daemon [_thread_in_native, id=53767, stack(0x0000000125983000,0x0000000125a83000)]
  0x00007fb51114c800 JavaThread "TimerQueue" daemon [_thread_blocked, id=51979, stack(0x0000000125819000,0x0000000125919000)]
  0x00007fb5128c8800 JavaThread "AWT-Shutdown" [_thread_blocked, id=30739, stack(0x0000000122d93000,0x0000000122e93000)]
  0x00007fb511841000 JavaThread "AppKit Thread" daemon [_thread_in_native, id=8207, stack(0x00007fff5dea2000,0x00007fff5e6a2000)]
  0x00007fb512822000 JavaThread "Service Thread" daemon [_thread_blocked, id=20739, stack(0x0000000121162000,0x0000000121262000)]
  0x00007fb511800000 JavaThread "C1 CompilerThread3" daemon [_thread_blocked, id=20227, stack(0x000000012105f000,0x000000012115f000)]
  0x00007fb51083c000 JavaThread "C2 CompilerThread2" daemon [_thread_blocked, id=19715, stack(0x0000000120f5c000,0x000000012105c000)]
  0x00007fb512807800 JavaThread "C2 CompilerThread1" daemon [_thread_blocked, id=19203, stack(0x0000000120e59000,0x0000000120f59000)]
  0x00007fb511031000 JavaThread "C2 CompilerThread0" daemon [_thread_blocked, id=18691, stack(0x0000000120d56000,0x0000000120e56000)]
  0x00007fb511047000 JavaThread "Signal Dispatcher" daemon [_thread_blocked, id=14615, stack(0x0000000120c53000,0x0000000120d53000)]
  0x00007fb51100e000 JavaThread "Finalizer" daemon [_thread_blocked, id=13571, stack(0x000000011f235000,0x000000011f335000)]
  0x00007fb51100d800 JavaThread "Reference Handler" daemon [_thread_blocked, id=13059, stack(0x000000011f132000,0x000000011f232000)]
  0x00007fb511002800 JavaThread "main" [_thread_blocked, id=3847, stack(0x0000000101675000,0x0000000101775000)]

Other Threads:
  0x00007fb510867000 VMThread [stack: 0x000000011f02f000,0x000000011f12f000] [id=12547]
  0x00007fb512823000 WatcherThread [stack: 0x0000000121265000,0x0000000121365000] [id=21251]

VM state:not at safepoint (normal execution)

VM Mutex/Monitor currently owned by a thread: None

Heap:
 PSYoungGen      total 76288K, used 11672K [0x000000076ab00000, 0x0000000770000000, 0x00000007c0000000)
  eden space 65536K, 4% used [0x000000076ab00000,0x000000076ae136d0,0x000000076eb00000)
  from space 10752K, 79% used [0x000000076f580000,0x000000076fdd29b0,0x0000000770000000)
  to   space 10752K, 0% used [0x000000076eb00000,0x000000076eb00000,0x000000076f580000)
 ParOldGen       total 175104K, used 3111K [0x00000006c0000000, 0x00000006cab00000, 0x000000076ab00000)
  object space 175104K, 1% used [0x00000006c0000000,0x00000006c0309ee0,0x00000006cab00000)
 Metaspace       used 12097K, capacity 12344K, committed 12672K, reserved 1060864K
  class space    used 1453K, capacity 1542K, committed 1664K, reserved 1048576K

Card table byte_map: [0x0000000112b49000,0x000000011334a000] byte_map_base: 0x000000010f549000

Marking Bits: (ParMarkBitMap*) 0x00000001030dee20
 Begin Bits: [0x00000001140b8000, 0x00000001180b8000)
 End Bits:   [0x00000001180b8000, 0x000000011c0b8000)

Polling page: 0x00000001017ba000

CodeCache: size=245760Kb used=6745Kb max_used=6781Kb free=239014Kb
 bounds [0x0000000103789000, 0x0000000103e49000, 0x0000000112789000]
 total_blobs=2163 nmethods=1671 adapters=405
 compilation: enabled

Compilation events (10 events):
Event: 194.627 Thread 0x00007fb51083c000 1705       4       sun.java2d.pipe.DrawImage::scaleImage (472 bytes)
Event: 194.638 Thread 0x00007fb51083c000 nmethod 1705 0x0000000103e31190 code [0x0000000103e31440, 0x0000000103e32760]
Event: 196.973 Thread 0x00007fb511800000 1706 %s!   3       sun.java2d.opengl.OGLRenderQueue$QueueFlusher::run @ 2 (234 bytes)
Event: 196.974 Thread 0x00007fb511800000 nmethod 1706% 0x0000000103e33c50 code [0x0000000103e33fc0, 0x0000000103e36418]
Event: 198.256 Thread 0x00007fb511800000 1707  s!   3       sun.java2d.opengl.OGLRenderQueue$QueueFlusher::run (234 bytes)
Event: 198.257 Thread 0x00007fb511800000 nmethod 1707 0x0000000103e37750 code [0x0000000103e37ac0, 0x0000000103e39e18]
Event: 200.853 Thread 0x00007fb512807800 1708       4       sun.java2d.opengl.OGLRenderQueue::flushBuffer (41 bytes)
Event: 200.856 Thread 0x00007fb512807800 nmethod 1708 0x00000001038ac810 code [0x00000001038ac980, 0x00000001038acb88]
Event: 208.384 Thread 0x00007fb511800000 1709       1       java.util.concurrent.locks.LockSupport::setBlocker (12 bytes)
Event: 208.384 Thread 0x00007fb511800000 nmethod 1709 0x0000000103899750 code [0x00000001038998a0, 0x00000001038999b0]

GC Heap History (4 events):
Event: 164.501 GC heap before
{Heap before GC invocations=1 (full 0):
 PSYoungGen      total 76288K, used 65536K [0x000000076ab00000, 0x0000000770000000, 0x00000007c0000000)
  eden space 65536K, 100% used [0x000000076ab00000,0x000000076eb00000,0x000000076eb00000)
  from space 10752K, 0% used [0x000000076f580000,0x000000076f580000,0x0000000770000000)
  to   space 10752K, 0% used [0x000000076eb00000,0x000000076eb00000,0x000000076f580000)
 ParOldGen       total 175104K, used 0K [0x00000006c0000000, 0x00000006cab00000, 0x000000076ab00000)
  object space 175104K, 0% used [0x00000006c0000000,0x00000006c0000000,0x00000006cab00000)
 Metaspace       used 12056K, capacity 12280K, committed 12672K, reserved 1060864K
  class space    used 1451K, capacity 1542K, committed 1664K, reserved 1048576K
Event: 164.506 GC heap after
Heap after GC invocations=1 (full 0):
 PSYoungGen      total 76288K, used 9672K [0x000000076ab00000, 0x0000000770000000, 0x00000007c0000000)
  eden space 65536K, 0% used [0x000000076ab00000,0x000000076ab00000,0x000000076eb00000)
  from space 10752K, 89% used [0x000000076eb00000,0x000000076f4722c0,0x000000076f580000)
  to   space 10752K, 0% used [0x000000076f580000,0x000000076f580000,0x0000000770000000)
 ParOldGen       total 175104K, used 3102K [0x00000006c0000000, 0x00000006cab00000, 0x000000076ab00000)
  object space 175104K, 1% used [0x00000006c0000000,0x00000006c0307af0,0x00000006cab00000)
 Metaspace       used 12056K, capacity 12280K, committed 12672K, reserved 1060864K
  class space    used 1451K, capacity 1542K, committed 1664K, reserved 1048576K
}
Event: 210.555 GC heap before
{Heap before GC invocations=2 (full 0):
 PSYoungGen      total 76288K, used 75208K [0x000000076ab00000, 0x0000000770000000, 0x00000007c0000000)
  eden space 65536K, 100% used [0x000000076ab00000,0x000000076eb00000,0x000000076eb00000)
  from space 10752K, 89% used [0x000000076eb00000,0x000000076f4722c0,0x000000076f580000)
  to   space 10752K, 0% used [0x000000076f580000,0x000000076f580000,0x0000000770000000)
 ParOldGen       total 175104K, used 3103K [0x00000006c0000000, 0x00000006cab00000, 0x000000076ab00000)
  object space 175104K, 1% used [0x00000006c0000000,0x00000006c0307ee0,0x00000006cab00000)
 Metaspace       used 12097K, capacity 12344K, committed 12672K, reserved 1060864K
  class space    used 1453K, capacity 1542K, committed 1664K, reserved 1048576K
Event: 210.559 GC heap after
Heap after GC invocations=2 (full 0):
 PSYoungGen      total 76288K, used 8522K [0x000000076ab00000, 0x0000000770000000, 0x00000007c0000000)
  eden space 65536K, 0% used [0x000000076ab00000,0x000000076ab00000,0x000000076eb00000)
  from space 10752K, 79% used [0x000000076f580000,0x000000076fdd29b0,0x0000000770000000)
  to   space 10752K, 0% used [0x000000076eb00000,0x000000076eb00000,0x000000076f580000)
 ParOldGen       total 175104K, used 3111K [0x00000006c0000000, 0x00000006cab00000, 0x000000076ab00000)
  object space 175104K, 1% used [0x00000006c0000000,0x00000006c0309ee0,0x00000006cab00000)
 Metaspace       used 12097K, capacity 12344K, committed 12672K, reserved 1060864K
  class space    used 1453K, capacity 1542K, committed 1664K, reserved 1048576K
}

Deoptimization events (10 events):
Event: 166.643 Thread 0x00007fb512a3b000 Uncommon trap: reason=class_check action=maybe_recompile pc=0x0000000103ca432c method=javax.swing.RepaintManager$4.run()Ljava/lang/Void; @ 27
Event: 166.657 Thread 0x00007fb512a3b000 Uncommon trap: reason=unstable_if action=reinterpret pc=0x0000000103b5b818 method=java.util.HashMap$HashIterator.<init>(Ljava/util/HashMap;)V @ 45
Event: 166.657 Thread 0x00007fb512a3b000 Uncommon trap: reason=class_check action=maybe_recompile pc=0x0000000103c56d4c method=java.awt.EventQueue.getAccessControlContextFrom(Ljava/lang/Object;)Ljava/security/AccessControlContext; @ 8
Event: 166.657 Thread 0x00007fb512a3b000 Uncommon trap: reason=class_check action=maybe_recompile pc=0x0000000103c56d4c method=java.awt.EventQueue.getAccessControlContextFrom(Ljava/lang/Object;)Ljava/security/AccessControlContext; @ 8
Event: 166.658 Thread 0x00007fb512a3b000 Uncommon trap: reason=unstable_if action=reinterpret pc=0x0000000103c0def8 method=sun.awt.image.SurfaceManager.getManager(Ljava/awt/Image;)Lsun/awt/image/SurfaceManager; @ 9
Event: 166.658 Thread 0x00007fb512a3b000 Uncommon trap: reason=null_check action=make_not_entrant pc=0x0000000103cacd04 method=javax.swing.RepaintManager.getVolatileOffscreenBuffer(Ljava/awt/Component;II)Ljava/awt/Image; @ 172
Event: 166.659 Thread 0x00007fb512a3b000 Uncommon trap: reason=class_check action=maybe_recompile pc=0x0000000103ccce64 method=sun.java2d.SurfaceDataProxy.replaceData(Lsun/java2d/SurfaceData;ILsun/java2d/loops/CompositeType;Ljava/awt/Color;)Lsun/java2d/SurfaceData; @ 16
Event: 166.823 Thread 0x00007fb512a3b000 Uncommon trap: reason=bimorphic action=maybe_recompile pc=0x0000000103c81820 method=java.awt.EventQueue.uncacheEQItem(Lsun/awt/EventQueueItem;)V @ 17
Event: 166.823 Thread 0x00007fb512a3b000 Uncommon trap: reason=bimorphic action=maybe_recompile pc=0x0000000103c81820 method=java.awt.EventQueue.uncacheEQItem(Lsun/awt/EventQueueItem;)V @ 17
Event: 210.562 Thread 0x00007fb512a3b000 Uncommon trap: reason=unstable_if action=reinterpret pc=0x0000000103dde860 method=java.util.concurrent.locks.AbstractQueuedSynchronizer.acquireQueued(Ljava/util/concurrent/locks/AbstractQueuedSynchronizer$Node;I)Z @ 17

Internal exceptions (10 events):
Event: 0.083 Thread 0x00007fb511002800 Exception <a 'java/security/PrivilegedActionException'> (0x000000076ab9fce0) thrown at [/Users/java_re/workspace/8-2-build-macosx-x86_64/jdk8u60/4407/hotspot/src/share/vm/prims/jvm.cpp, line 1386]
Event: 0.083 Thread 0x00007fb511002800 Exception <a 'java/security/PrivilegedActionException'> (0x000000076aba00d8) thrown at [/Users/java_re/workspace/8-2-build-macosx-x86_64/jdk8u60/4407/hotspot/src/share/vm/prims/jvm.cpp, line 1386]
Event: 0.083 Thread 0x00007fb511002800 Exception <a 'java/security/PrivilegedActionException'> (0x000000076aba3560) thrown at [/Users/java_re/workspace/8-2-build-macosx-x86_64/jdk8u60/4407/hotspot/src/share/vm/prims/jvm.cpp, line 1386]
Event: 0.083 Thread 0x00007fb511002800 Exception <a 'java/security/PrivilegedActionException'> (0x000000076aba3958) thrown at [/Users/java_re/workspace/8-2-build-macosx-x86_64/jdk8u60/4407/hotspot/src/share/vm/prims/jvm.cpp, line 1386]
Event: 3.247 Thread 0x00007fb511002800 Exception <a 'java/lang/NoSuchFieldError': method resolution failed> (0x000000076af5e070) thrown at [/Users/java_re/workspace/8-2-build-macosx-x86_64/jdk8u60/4407/hotspot/src/share/vm/prims/methodHandles.cpp, line 1146]
Event: 3.248 Thread 0x00007fb511002800 Exception <a 'java/lang/NoSuchFieldError': method resolution failed> (0x000000076af6b790) thrown at [/Users/java_re/workspace/8-2-build-macosx-x86_64/jdk8u60/4407/hotspot/src/share/vm/prims/methodHandles.cpp, line 1146]
Event: 3.357 Thread 0x00007fb511002800 Exception <a 'java/io/FileNotFoundException'> (0x000000076afe7278) thrown at [/Users/java_re/workspace/8-2-build-macosx-x86_64/jdk8u60/4407/hotspot/src/share/vm/prims/jni.cpp, line 709]
Event: 3.357 Thread 0x00007fb511002800 Exception <a 'java/io/FileNotFoundException'> (0x000000076afe7df8) thrown at [/Users/java_re/workspace/8-2-build-macosx-x86_64/jdk8u60/4407/hotspot/src/share/vm/prims/jni.cpp, line 709]
Event: 164.509 Thread 0x00007fb51100e000 Exception <a 'java/lang/NullPointerException'> (0x000000076ae190d0) thrown at [/Users/java_re/workspace/8-2-build-macosx-x86_64/jdk8u60/4407/hotspot/src/share/vm/interpreter/linkResolver.cpp, line 1178]
Event: 166.658 Thread 0x00007fb512a3b000 Implicit null exception at 0x0000000103cabd5f to 0x0000000103caccc9

Events (10 events):
Event: 198.257 Thread 0x00007fb511800000 flushing nmethod 0x0000000103962250
Event: 198.257 Thread 0x00007fb511800000 flushing nmethod 0x0000000103963090
Event: 200.856 Thread 0x00007fb512807800 flushing nmethod 0x00000001039a8410
Event: 210.551 Executing VM operation: ParallelGCFailedAllocation
Event: 210.551 Executing VM operation: ParallelGCFailedAllocation done
Event: 210.555 Executing VM operation: ParallelGCSystemGC
Event: 210.559 Executing VM operation: ParallelGCSystemGC done
Event: 210.562 Thread 0x00007fb512a3b000 Uncommon trap: trap_request=0xffffff65 fr.pc=0x0000000103dde860
Event: 210.562 Thread 0x00007fb512a3b000 DEOPT PACKING pc=0x0000000103dde860 sp=0x00000001879a4b90
Event: 210.562 Thread 0x00007fb512a3b000 DEOPT UNPACKING pc=0x000000010378e229 sp=0x00000001879a4748 mode 2


Dynamic libraries:
0x00000000089af000 	/System/Library/Frameworks/Cocoa.framework/Versions/A/Cocoa
0x00000000089af000 	/System/Library/Frameworks/Security.framework/Versions/A/Security
0x00000000089af000 	/System/Library/Frameworks/ApplicationServices.framework/Versions/A/ApplicationServices
0x00000000089af000 	/usr/lib/libz.1.dylib
0x00000000089af000 	/usr/lib/libSystem.B.dylib
0x00000000089af000 	/usr/lib/libobjc.A.dylib
0x00000000089af000 	/System/Library/Frameworks/CoreFoundation.framework/Versions/A/CoreFoundation
0x00000000089af000 	/System/Library/Frameworks/Foundation.framework/Versions/C/Foundation
0x00000000089af000 	/System/Library/Frameworks/AppKit.framework/Versions/C/AppKit
0x00000000089af000 	/System/Library/Frameworks/CoreData.framework/Versions/A/CoreData
0x00000000089af000 	/System/Library/PrivateFrameworks/RemoteViewServices.framework/Versions/A/RemoteViewServices
0x00000000089af000 	/System/Library/PrivateFrameworks/UIFoundation.framework/Versions/A/UIFoundation
0x00000000089af000 	/System/Library/Frameworks/IOSurface.framework/Versions/A/IOSurface
0x00000000089af000 	/System/Library/Frameworks/AudioToolbox.framework/Versions/A/AudioToolbox
0x00000000089af000 	/System/Library/Frameworks/AudioUnit.framework/Versions/A/AudioUnit
0x00000000089af000 	/System/Library/PrivateFrameworks/DataDetectorsCore.framework/Versions/A/DataDetectorsCore
0x00000000089af000 	/System/Library/PrivateFrameworks/DesktopServicesPriv.framework/Versions/A/DesktopServicesPriv
0x00000000089af000 	/System/Library/Frameworks/Carbon.framework/Versions/A/Frameworks/HIToolbox.framework/Versions/A/HIToolbox
0x00000000089af000 	/System/Library/Frameworks/QuartzCore.framework/Versions/A/QuartzCore
0x00000000089af000 	/System/Library/Frameworks/Carbon.framework/Versions/A/Frameworks/SpeechRecognition.framework/Versions/A/SpeechRecognition
0x00000000089af000 	/usr/lib/libauto.dylib
0x00000000089af000 	/usr/lib/libicucore.A.dylib
0x00000000089af000 	/usr/lib/libxml2.2.dylib
0x00000000089af000 	/System/Library/PrivateFrameworks/CoreUI.framework/Versions/A/CoreUI
0x00000000089af000 	/System/Library/Frameworks/CoreAudio.framework/Versions/A/CoreAudio
0x00000000089af000 	/System/Library/Frameworks/DiskArbitration.framework/Versions/A/DiskArbitration
0x00000000089af000 	/usr/lib/liblangid.dylib
0x00000000089af000 	/System/Library/PrivateFrameworks/MultitouchSupport.framework/Versions/A/MultitouchSupport
0x00000000089af000 	/System/Library/Frameworks/IOKit.framework/Versions/A/IOKit
0x00000000089af000 	/usr/lib/libDiagnosticMessagesClient.dylib
0x00000000089af000 	/System/Library/Frameworks/CoreServices.framework/Versions/A/CoreServices
0x00000000089af000 	/System/Library/PrivateFrameworks/PerformanceAnalysis.framework/Versions/A/PerformanceAnalysis
0x00000000089af000 	/System/Library/PrivateFrameworks/GenerationalStorage.framework/Versions/A/GenerationalStorage
0x00000000089af000 	/System/Library/Frameworks/OpenGL.framework/Versions/A/OpenGL
0x00000000089af000 	/System/Library/PrivateFrameworks/Sharing.framework/Versions/A/Sharing
0x00000000089af000 	/System/Library/Frameworks/CoreGraphics.framework/Versions/A/CoreGraphics
0x00000000089af000 	/System/Library/Frameworks/CoreText.framework/Versions/A/CoreText
0x00000000089af000 	/System/Library/Frameworks/ImageIO.framework/Versions/A/ImageIO
0x00000000089af000 	/usr/lib/libextension.dylib
0x00000000089af000 	/System/Library/PrivateFrameworks/Backup.framework/Versions/A/Backup
0x00000000089af000 	/usr/lib/libarchive.2.dylib
0x00000000089af000 	/System/Library/Frameworks/CFNetwork.framework/Versions/A/CFNetwork
0x00000000089af000 	/System/Library/Frameworks/SystemConfiguration.framework/Versions/A/SystemConfiguration
0x00000000089af000 	/usr/lib/libCRFSuite.dylib
0x00000000089af000 	/usr/lib/libc++.1.dylib
0x00000000089af000 	/usr/lib/libc++abi.dylib
0x00000000089af000 	/usr/lib/system/libcache.dylib
0x00000000089af000 	/usr/lib/system/libcommonCrypto.dylib
0x00000000089af000 	/usr/lib/system/libcompiler_rt.dylib
0x00000000089af000 	/usr/lib/system/libcopyfile.dylib
0x00000000089af000 	/usr/lib/system/libcorecrypto.dylib
0x00000000089af000 	/usr/lib/system/libdispatch.dylib
0x00000000089af000 	/usr/lib/system/libdyld.dylib
0x00000000089af000 	/usr/lib/system/libkeymgr.dylib
0x00000000089af000 	/usr/lib/system/liblaunch.dylib
0x00000000089af000 	/usr/lib/system/libmacho.dylib
0x00000000089af000 	/usr/lib/system/libquarantine.dylib
0x00000000089af000 	/usr/lib/system/libremovefile.dylib
0x00000000089af000 	/usr/lib/system/libsystem_asl.dylib
0x00000000089af000 	/usr/lib/system/libsystem_blocks.dylib
0x00000000089af000 	/usr/lib/system/libsystem_c.dylib
0x00000000089af000 	/usr/lib/system/libsystem_configuration.dylib
0x00000000089af000 	/usr/lib/system/libsystem_coreservices.dylib
0x00000000089af000 	/usr/lib/system/libsystem_coretls.dylib
0x00000000089af000 	/usr/lib/system/libsystem_dnssd.dylib
0x00000000089af000 	/usr/lib/system/libsystem_info.dylib
0x00000000089af000 	/usr/lib/system/libsystem_kernel.dylib
0x00000000089af000 	/usr/lib/system/libsystem_m.dylib
0x00000000089af000 	/usr/lib/system/libsystem_malloc.dylib
0x00000000089af000 	/usr/lib/system/libsystem_network.dylib
0x00000000089af000 	/usr/lib/system/libsystem_networkextension.dylib
0x00000000089af000 	/usr/lib/system/libsystem_notify.dylib
0x00000000089af000 	/usr/lib/system/libsystem_platform.dylib
0x00000000089af000 	/usr/lib/system/libsystem_pthread.dylib
0x00000000089af000 	/usr/lib/system/libsystem_sandbox.dylib
0x00000000089af000 	/usr/lib/system/libsystem_secinit.dylib
0x00000000089af000 	/usr/lib/system/libsystem_stats.dylib
0x00000000089af000 	/usr/lib/system/libsystem_trace.dylib
0x00000000089af000 	/usr/lib/system/libunc.dylib
0x00000000089af000 	/usr/lib/system/libunwind.dylib
0x00000000089af000 	/usr/lib/system/libxpc.dylib
0x00000000089af000 	/usr/lib/libbz2.1.0.dylib
0x00000000089af000 	/usr/lib/liblzma.5.dylib
0x00000000089af000 	/usr/lib/libbsm.0.dylib
0x00000000089af000 	/usr/lib/libsqlite3.dylib
0x00000000089af000 	/usr/lib/system/libkxld.dylib
0x00000000089af000 	/usr/lib/libxar.1.dylib
0x00000000089af000 	/usr/lib/libpam.2.dylib
0x00000000089af000 	/usr/lib/libOpenScriptingUtil.dylib
0x00000000089af000 	/System/Library/Frameworks/CoreServices.framework/Versions/A/Frameworks/FSEvents.framework/Versions/A/FSEvents
0x00000000089af000 	/System/Library/Frameworks/CoreServices.framework/Versions/A/Frameworks/CarbonCore.framework/Versions/A/CarbonCore
0x00000000089af000 	/System/Library/Frameworks/CoreServices.framework/Versions/A/Frameworks/Metadata.framework/Versions/A/Metadata
0x00000000089af000 	/System/Library/Frameworks/CoreServices.framework/Versions/A/Frameworks/OSServices.framework/Versions/A/OSServices
0x00000000089af000 	/System/Library/Frameworks/CoreServices.framework/Versions/A/Frameworks/SearchKit.framework/Versions/A/SearchKit
0x00000000089af000 	/System/Library/Frameworks/CoreServices.framework/Versions/A/Frameworks/AE.framework/Versions/A/AE
0x00000000089af000 	/System/Library/Frameworks/CoreServices.framework/Versions/A/Frameworks/LaunchServices.framework/Versions/A/LaunchServices
0x00000000089af000 	/System/Library/Frameworks/CoreServices.framework/Versions/A/Frameworks/DictionaryServices.framework/Versions/A/DictionaryServices
0x00000000089af000 	/System/Library/Frameworks/NetFS.framework/Versions/A/NetFS
0x00000000089af000 	/System/Library/PrivateFrameworks/NetAuth.framework/Versions/A/NetAuth
0x00000000089af000 	/System/Library/PrivateFrameworks/login.framework/Versions/A/Frameworks/loginsupport.framework/Versions/A/loginsupport
0x00000000089af000 	/System/Library/PrivateFrameworks/TCC.framework/Versions/A/TCC
0x00000000089af000 	/usr/lib/libmecabra.dylib
0x00000000089af000 	/System/Library/Frameworks/ApplicationServices.framework/Versions/A/Frameworks/ATS.framework/Versions/A/ATS
0x00000000089af000 	/System/Library/Frameworks/ApplicationServices.framework/Versions/A/Frameworks/ColorSync.framework/Versions/A/ColorSync
0x00000000089af000 	/System/Library/Frameworks/ApplicationServices.framework/Versions/A/Frameworks/HIServices.framework/Versions/A/HIServices
0x00000000089af000 	/System/Library/Frameworks/ApplicationServices.framework/Versions/A/Frameworks/LangAnalysis.framework/Versions/A/LangAnalysis
0x00000000089af000 	/System/Library/Frameworks/ApplicationServices.framework/Versions/A/Frameworks/PrintCore.framework/Versions/A/PrintCore
0x00000000089af000 	/System/Library/Frameworks/ApplicationServices.framework/Versions/A/Frameworks/QD.framework/Versions/A/QD
0x00000000089af000 	/System/Library/Frameworks/ApplicationServices.framework/Versions/A/Frameworks/SpeechSynthesis.framework/Versions/A/SpeechSynthesis
0x00000000089af000 	/System/Library/Frameworks/Accelerate.framework/Versions/A/Accelerate
0x00000000089af000 	/System/Library/Frameworks/Accelerate.framework/Versions/A/Frameworks/vImage.framework/Versions/A/vImage
0x00000000089af000 	/System/Library/Frameworks/Accelerate.framework/Versions/A/Frameworks/vecLib.framework/Versions/A/vecLib
0x00000000089af000 	/System/Library/Frameworks/Accelerate.framework/Versions/A/Frameworks/vecLib.framework/Versions/A/libvDSP.dylib
0x00000000089af000 	/System/Library/Frameworks/Accelerate.framework/Versions/A/Frameworks/vecLib.framework/Versions/A/libvMisc.dylib
0x00000000089af000 	/System/Library/Frameworks/Accelerate.framework/Versions/A/Frameworks/vecLib.framework/Versions/A/libLAPACK.dylib
0x00000000089af000 	/System/Library/Frameworks/Accelerate.framework/Versions/A/Frameworks/vecLib.framework/Versions/A/libBLAS.dylib
0x00000000089af000 	/System/Library/Frameworks/Accelerate.framework/Versions/A/Frameworks/vecLib.framework/Versions/A/libLinearAlgebra.dylib
0x00000000089af000 	/System/Library/Frameworks/ApplicationServices.framework/Versions/A/Frameworks/ATS.framework/Versions/A/Resources/libFontParser.dylib
0x00000000089af000 	/System/Library/Frameworks/ApplicationServices.framework/Versions/A/Frameworks/ATS.framework/Versions/A/Resources/libFontRegistry.dylib
0x00000000089af000 	/System/Library/PrivateFrameworks/AppleVPA.framework/Versions/A/AppleVPA
0x00000000089af000 	/System/Library/PrivateFrameworks/AppleJPEG.framework/Versions/A/AppleJPEG
0x00000000089af000 	/System/Library/Frameworks/ImageIO.framework/Versions/A/Resources/libJPEG.dylib
0x00000000089af000 	/System/Library/Frameworks/ImageIO.framework/Versions/A/Resources/libTIFF.dylib
0x00000000089af000 	/System/Library/Frameworks/ImageIO.framework/Versions/A/Resources/libPng.dylib
0x00000000089af000 	/System/Library/Frameworks/ImageIO.framework/Versions/A/Resources/libGIF.dylib
0x00000000089af000 	/System/Library/Frameworks/ImageIO.framework/Versions/A/Resources/libJP2.dylib
0x00000000089af000 	/System/Library/Frameworks/ImageIO.framework/Versions/A/Resources/libRadiance.dylib
0x00000000089af000 	/System/Library/Frameworks/CoreVideo.framework/Versions/A/CoreVideo
0x00000000089af000 	/System/Library/Frameworks/OpenGL.framework/Versions/A/Libraries/libGLU.dylib
0x00000000089af000 	/System/Library/Frameworks/OpenGL.framework/Versions/A/Libraries/libGFXShared.dylib
0x00000000089af000 	/System/Library/Frameworks/OpenGL.framework/Versions/A/Libraries/libGL.dylib
0x00000000089af000 	/System/Library/Frameworks/OpenGL.framework/Versions/A/Libraries/libGLImage.dylib
0x00000000089af000 	/System/Library/Frameworks/OpenGL.framework/Versions/A/Libraries/libCVMSPluginSupport.dylib
0x00000000089af000 	/System/Library/Frameworks/OpenGL.framework/Versions/A/Libraries/libCoreVMClient.dylib
0x00000000089af000 	/usr/lib/libcups.2.dylib
0x00000000089af000 	/System/Library/Frameworks/Kerberos.framework/Versions/A/Kerberos
0x00000000089af000 	/System/Library/Frameworks/GSS.framework/Versions/A/GSS
0x00000000089af000 	/usr/lib/libresolv.9.dylib
0x00000000089af000 	/usr/lib/libiconv.2.dylib
0x00000000089af000 	/System/Library/PrivateFrameworks/Heimdal.framework/Versions/A/Heimdal
0x00000000089af000 	/usr/lib/libheimdal-asn1.dylib
0x00000000089af000 	/System/Library/Frameworks/OpenDirectory.framework/Versions/A/OpenDirectory
0x00000000089af000 	/System/Library/PrivateFrameworks/CommonAuth.framework/Versions/A/CommonAuth
0x00000000089af000 	/System/Library/Frameworks/OpenDirectory.framework/Versions/A/Frameworks/CFOpenDirectory.framework/Versions/A/CFOpenDirectory
0x00000000089af000 	/System/Library/Frameworks/SecurityFoundation.framework/Versions/A/SecurityFoundation
0x00000000089af000 	/System/Library/PrivateFrameworks/LanguageModeling.framework/Versions/A/LanguageModeling
0x00000000089af000 	/usr/lib/libcmph.dylib
0x00000000089af000 	/System/Library/Frameworks/ServiceManagement.framework/Versions/A/ServiceManagement
0x00000000089af000 	/usr/lib/libxslt.1.dylib
0x00000000089af000 	/System/Library/Frameworks/Carbon.framework/Versions/A/Frameworks/Ink.framework/Versions/A/Ink
0x00000000089af000 	/System/Library/Frameworks/QuartzCore.framework/Versions/A/Frameworks/CoreImage.framework/Versions/A/CoreImage
0x00000000089af000 	/System/Library/PrivateFrameworks/CrashReporterSupport.framework/Versions/A/CrashReporterSupport
0x00000000089af000 	/System/Library/Frameworks/OpenCL.framework/Versions/A/OpenCL
0x00000000089af000 	/System/Library/PrivateFrameworks/FaceCore.framework/Versions/A/FaceCore
0x00000000089af000 	/System/Library/PrivateFrameworks/Ubiquity.framework/Versions/A/Ubiquity
0x00000000089af000 	/System/Library/PrivateFrameworks/IconServices.framework/Versions/A/IconServices
0x00000000089af000 	/System/Library/PrivateFrameworks/ChunkingLibrary.framework/Versions/A/ChunkingLibrary
0x00000000089af000 	/System/Library/PrivateFrameworks/Apple80211.framework/Versions/A/Apple80211
0x00000000089af000 	/System/Library/Frameworks/CoreWLAN.framework/Versions/A/CoreWLAN
0x00000000089af000 	/System/Library/Frameworks/IOBluetooth.framework/Versions/A/IOBluetooth
0x00000000089af000 	/System/Library/PrivateFrameworks/CoreWiFi.framework/Versions/A/CoreWiFi
0x00000000089af000 	/System/Library/Frameworks/CoreBluetooth.framework/Versions/A/CoreBluetooth
0x00000000089af000 	/System/Library/PrivateFrameworks/DebugSymbols.framework/Versions/A/DebugSymbols
0x00000000089af000 	/System/Library/PrivateFrameworks/CoreSymbolication.framework/Versions/A/CoreSymbolication
0x00000000089af000 	/System/Library/PrivateFrameworks/Symbolication.framework/Versions/A/Symbolication
0x00000000089af000 	/System/Library/PrivateFrameworks/SpeechRecognitionCore.framework/Versions/A/SpeechRecognitionCore
0x0000000102800000 	/Library/Java/JavaVirtualMachines/jdk1.8.0_60.jdk/Contents/Home/jre/lib/server/libjvm.dylib
0x00000000089af000 	/usr/lib/libstdc++.6.dylib
0x0000000101777000 	/Library/Java/JavaVirtualMachines/jdk1.8.0_60.jdk/Contents/Home/jre/lib/libverify.dylib
0x0000000101785000 	/Library/Java/JavaVirtualMachines/jdk1.8.0_60.jdk/Contents/Home/jre/lib/libjava.dylib
0x00000001017c4000 	/Library/Java/JavaVirtualMachines/jdk1.8.0_60.jdk/Contents/Home/jre/lib/libzip.dylib
0x000000011f337000 	/System/Library/Frameworks/JavaVM.framework/Frameworks/JavaRuntimeSupport.framework/JavaRuntimeSupport
0x000000011f34d000 	/System/Library/Frameworks/JavaVM.framework/Versions/A/Frameworks/JavaNativeFoundation.framework/Versions/A/JavaNativeFoundation
0x000000011f361000 	/System/Library/Frameworks/JavaVM.framework/Versions/A/JavaVM
0x00000000089af000 	/System/Library/Frameworks/Carbon.framework/Versions/A/Carbon
0x000000011f36d000 	/System/Library/PrivateFrameworks/JavaLaunching.framework/Versions/A/JavaLaunching
0x00000000089af000 	/System/Library/Frameworks/Carbon.framework/Versions/A/Frameworks/CommonPanels.framework/Versions/A/CommonPanels
0x00000000089af000 	/System/Library/Frameworks/Carbon.framework/Versions/A/Frameworks/Help.framework/Versions/A/Help
0x00000000089af000 	/System/Library/Frameworks/Carbon.framework/Versions/A/Frameworks/ImageCapture.framework/Versions/A/ImageCapture
0x00000000089af000 	/System/Library/Frameworks/Carbon.framework/Versions/A/Frameworks/OpenScripting.framework/Versions/A/OpenScripting
0x00000000089af000 	/System/Library/Frameworks/Carbon.framework/Versions/A/Frameworks/Print.framework/Versions/A/Print
0x00000000089af000 	/System/Library/Frameworks/Carbon.framework/Versions/A/Frameworks/SecurityHI.framework/Versions/A/SecurityHI
0x0000000121367000 	/Library/Java/JavaVirtualMachines/jdk1.8.0_60.jdk/Contents/Home/jre/lib/libawt.dylib
0x000000012140f000 	/Library/Java/JavaVirtualMachines/jdk1.8.0_60.jdk/Contents/Home/jre/lib/./libmlib_image.dylib
0x00000001214db000 	/Library/Java/JavaVirtualMachines/jdk1.8.0_60.jdk/Contents/Home/jre/lib/libawt_lwawt.dylib
0x0000000121590000 	/Library/Java/JavaVirtualMachines/jdk1.8.0_60.jdk/Contents/Home/jre/lib/./libosxapp.dylib
0x00000000089af000 	/System/Library/Frameworks/ExceptionHandling.framework/Versions/A/ExceptionHandling
0x00000000089af000 	/System/Library/PrivateFrameworks/CoreServicesInternal.framework/Versions/A/CoreServicesInternal
0x00000000089af000 	/System/Library/PrivateFrameworks/CloudDocs.framework/Versions/A/CloudDocs
0x00000000089af000 	/System/Library/PrivateFrameworks/CoreDuet.framework/Versions/A/CoreDuet
0x00000000089af000 	/System/Library/Frameworks/CloudKit.framework/Versions/A/CloudKit
0x00000000089af000 	/System/Library/PrivateFrameworks/ProtocolBuffer.framework/Versions/A/ProtocolBuffer
0x00000000089af000 	/System/Library/PrivateFrameworks/CoreDuetDaemonProtocol.framework/Versions/A/CoreDuetDaemonProtocol
0x00000000089af000 	/System/Library/PrivateFrameworks/CoreDuetDebugLogging.framework/Versions/A/CoreDuetDebugLogging
0x00000000089af000 	/System/Library/PrivateFrameworks/MMCS.framework/Versions/A/MMCS
0x00000000089af000 	/System/Library/Frameworks/CoreLocation.framework/Versions/A/CoreLocation
0x00000000089af000 	/System/Library/PrivateFrameworks/ProtectedCloudStorage.framework/Versions/A/ProtectedCloudStorage
0x00000000089af000 	/System/Library/PrivateFrameworks/GeoServices.framework/Versions/A/GeoServices
0x00000000089af000 	/System/Library/Frameworks/CoreGraphics.framework/Versions/A/Resources/libCGCMS.A.dylib
0x00000000089af000 	/System/Library/Frameworks/CoreGraphics.framework/Versions/A/Resources/libRIP.A.dylib
0x00000000089af000 	/System/Library/Frameworks/CoreGraphics.framework/Versions/A/Resources/libCGXType.A.dylib
0x00000000089af000 	/System/Library/Frameworks/OpenCL.framework/Versions/A/Libraries/libcldcpuengine.dylib
0x00000000089af000 	/System/Library/PrivateFrameworks/DiskImages.framework/Versions/A/DiskImages
0x00000000089af000 	/System/Library/Frameworks/DiscRecording.framework/Versions/A/DiscRecording
0x00000000089af000 	/usr/lib/libcsfde.dylib
0x00000000089af000 	/usr/lib/libcurl.4.dylib
0x00000000089af000 	/System/Library/PrivateFrameworks/MediaKit.framework/Versions/A/MediaKit
0x00000000089af000 	/usr/lib/libCoreStorage.dylib
0x00000000089af000 	/System/Library/PrivateFrameworks/EFILogin.framework/Versions/A/EFILogin
0x00000000089af000 	/usr/lib/libutil.dylib
0x00000000089af000 	/System/Library/PrivateFrameworks/FindMyDevice.framework/Versions/A/FindMyDevice
0x00000000089af000 	/System/Library/Frameworks/LDAP.framework/Versions/A/LDAP
0x00000000089af000 	/usr/lib/libsasl2.2.dylib
0x00000000089af000 	/System/Library/PrivateFrameworks/CoreDaemon.framework/Versions/B/CoreDaemon
0x00000000089af000 	/usr/lib/libcrypto.0.9.8.dylib
0x00000000089af000 	/System/Library/PrivateFrameworks/AppleSRP.framework/Versions/A/AppleSRP
0x00000000089af000 	/System/Library/PrivateFrameworks/TrustEvaluationAgent.framework/Versions/A/TrustEvaluationAgent
0x0000000124598000 	cl_kernels
0x000000012459a000 	/System/Library/Frameworks/OpenCL.framework/Versions/A/Libraries/ImageFormats/unorm8_bgra.dylib
0x0000000124589000 	cl_kernels
0x00000000089af000 	/System/Library/PrivateFrameworks/FamilyControls.framework/Versions/A/FamilyControls
0x00000000089af000 	/System/Library/PrivateFrameworks/CommerceKit.framework/Versions/A/Frameworks/CommerceCore.framework/Versions/A/CommerceCore
0x00000000089af000 	/System/Library/PrivateFrameworks/SystemAdministration.framework/Versions/A/SystemAdministration
0x00000000089af000 	/System/Library/PrivateFrameworks/AppContainer.framework/Versions/A/AppContainer
0x00000000089af000 	/System/Library/PrivateFrameworks/SecCodeWrapper.framework/Versions/A/SecCodeWrapper
0x00000000089af000 	/System/Library/Frameworks/DirectoryService.framework/Versions/A/DirectoryService
0x00000000089af000 	/System/Library/PrivateFrameworks/LoginUIKit.framework/Versions/A/Frameworks/LoginUICore.framework/Versions/A/LoginUICore
0x00000000089af000 	/usr/lib/libodfde.dylib
0x000000012591b000 	/Library/Java/JavaVirtualMachines/jdk1.8.0_60.jdk/Contents/Home/jre/lib/libfontmanager.dylib
0x0000000123a3f000 	/Library/Java/JavaVirtualMachines/jdk1.8.0_60.jdk/Contents/Home/jre/lib/libosxui.dylib
0x00000000089af000 	/System/Library/Frameworks/OpenGL.framework/Versions/A/Resources/GLEngine.bundle/GLEngine
0x00000000089af000 	/System/Library/Frameworks/OpenGL.framework/Versions/A/Libraries/libGLProgrammability.dylib
0x0000000125a85000 	/System/Library/Extensions/AppleIntelHD5000GraphicsGLDriver.bundle/Contents/MacOS/AppleIntelHD5000GraphicsGLDriver
0x00000000089af000 	/System/Library/PrivateFrameworks/IOAccelerator.framework/Versions/A/IOAccelerator
0x00000000089af000 	/System/Library/PrivateFrameworks/GPUSupport.framework/Versions/A/Libraries/libGPUSupportMercury.dylib
0x0000000000000000 	/System/Library/Extensions/GeForceGLDriver.bundle/Contents/MacOS/GeForceGLDriver
0x00000000089af000 	/System/Library/Extensions/GeForceGLDriver.bundle/Contents/MacOS/libclh.dylib
0x00000000089af000 	/System/Library/Frameworks/OpenGL.framework/Versions/A/Resources/GLRendererFloat.bundle/GLRendererFloat
0x0000000126fd2000 	/Library/Java/JavaVirtualMachines/jdk1.8.0_60.jdk/Contents/Home/jre/lib/libnet.dylib
0x0000000126fe9000 	/Library/Java/JavaVirtualMachines/jdk1.8.0_60.jdk/Contents/Home/jre/lib/libnio.dylib
0x00000000089af000 	/System/Library/Frameworks/ApplicationServices.framework/Versions/A/Frameworks/ATS.framework/Versions/A/Resources/libTrueTypeScaler.dylib
0x000000018846c000 	/Library/Java/JavaVirtualMachines/jdk1.8.0_60.jdk/Contents/Home/jre/lib/libjpeg.dylib

VM Arguments:
java_command: main_method
java_class_path (initial): .
Launcher Type: SUN_STANDARD

Environment Variables:
PATH=/opt/local/bin:/opt/local/sbin:/Library/Frameworks/Python.framework/Versions/3.6/bin:/Users/thomasrogers/anaconda3/bin:/Users/thomasrogers/anaconda/bin:/usr/local/bin:/usr/bin:/bin:/usr/sbin:/sbin
SHELL=/bin/bash

Signal Handlers:
SIGSEGV: [libjvm.dylib+0x5a6d31], sa_mask[0]=11111111011111110111111111111111, sa_flags=SA_ONSTACK|SA_RESTART|SA_SIGINFO
SIGBUS: [libjvm.dylib+0x5a6d31], sa_mask[0]=11111111011111110111111111111111, sa_flags=SA_RESTART|SA_SIGINFO
SIGFPE: [libjvm.dylib+0x480a4c], sa_mask[0]=11111111011111110111111111111111, sa_flags=SA_RESTART|SA_SIGINFO
SIGPIPE: [libjvm.dylib+0x480a4c], sa_mask[0]=11111111011111110111111111111111, sa_flags=SA_RESTART|SA_SIGINFO
SIGXFSZ: [libjvm.dylib+0x480a4c], sa_mask[0]=11111111011111110111111111111111, sa_flags=SA_RESTART|SA_SIGINFO
SIGILL: [libjvm.dylib+0x480a4c], sa_mask[0]=11111111011111110111111111111111, sa_flags=SA_RESTART|SA_SIGINFO
SIGUSR1: SIG_DFL, sa_mask[0]=11011111011111100000000111000110, sa_flags=none
SIGUSR2: [libjvm.dylib+0x48056a], sa_mask[0]=00000000000000000000000000000000, sa_flags=SA_RESTART|SA_SIGINFO
SIGHUP: [libjvm.dylib+0x47eb41], sa_mask[0]=11111111011111110111111111111111, sa_flags=SA_RESTART|SA_SIGINFO
SIGINT: [libjvm.dylib+0x47eb41], sa_mask[0]=11111111011111110111111111111111, sa_flags=SA_RESTART|SA_SIGINFO
SIGTERM: [libjvm.dylib+0x47eb41], sa_mask[0]=11111111011111110111111111111111, sa_flags=SA_RESTART|SA_SIGINFO
SIGQUIT: [libjvm.dylib+0x47eb41], sa_mask[0]=11111111011111110111111111111111, sa_flags=SA_RESTART|SA_SIGINFO


---------------  S Y S T E M  ---------------

OS:Bsduname:Darwin 14.5.0 Darwin Kernel Version 14.5.0: Mon Aug 29 21:14:16 PDT 2016; root:xnu-2782.50.6~1/RELEASE_X86_64 x86_64
rlimit: STACK 8192k, CORE 0k, NPROC 709, NOFILE 10240, AS infinity
load average:2.23 2.97 3.90

CPU:total 8 (4 cores per cpu, 2 threads per core) family 6 model 70 stepping 1, cmov, cx8, fxsr, mmx, sse, sse2, sse3, ssse3, sse4.1, sse4.2, popcnt, avx, avx2, aes, clmul, erms, rtm, lzcnt, ht, tsc, tscinvbit, bmi1, bmi2

Memory: 4k page, physical 16777216k(1582164k free)

/proc/meminfo:


vm_info: Java HotSpot(TM) 64-Bit Server VM (25.60-b23) for bsd-amd64 JRE (1.8.0_60-b27), built on Aug  4 2015 10:47:24 by "java_re" with gcc 4.2.1 (Based on Apple Inc. build 5658) (LLVM build 2336.11.00)

time: Wed Jul 12 08:49:30 2017
elapsed time: 210 seconds (0d 0h 3m 30s)

